<?xml version="1.0" encoding="UTF-8"?>
<!-- Generated by org.testng.reporters.JUnitXMLReporter -->
<testsuite hostname="1923L11" failures="0" tests="13" name="Default test" time="0.319" errors="0" timestamp="17 Nov 2025 17:01:18 GMT">
  <testcase classname="com.subex.rocps.automation.testcases.systemtesting.TestCase02" name="@BeforeSuite initializeSuite" time="0.0">
    <failure type="org.testng.TestNGException" message="
Parameter &amp;apos;config&amp;apos; is required by @Configuration on method initializeSuite but has not been marked @Optional or defined
in C:\Users\rahul.muraleedharan\AppData\Local\Temp\testng-eclipse-526937604\testng-customsuite.xml">
      <![CDATA[org.testng.TestNGException: 
Parameter 'config' is required by @Configuration on method initializeSuite but has not been marked @Optional or defined
in C:\Users\rahul.muraleedharan\AppData\Local\Temp\testng-eclipse-526937604\testng-customsuite.xml
	at org.testng.internal.Parameters.createParameters(Parameters.java:154)
	at org.testng.internal.Parameters.createParameters(Parameters.java:361)
	at org.testng.internal.Parameters.createConfigurationParameters(Parameters.java:84)
	at org.testng.internal.Invoker.invokeConfigurations(Invoker.java:201)
	at org.testng.internal.Invoker.invokeConfigurations(Invoker.java:142)
	at org.testng.SuiteRunner.privateRun(SuiteRunner.java:305)
	at org.testng.SuiteRunner.run(SuiteRunner.java:268)
	at org.testng.SuiteRunnerWorker.runSuite(SuiteRunnerWorker.java:52)
	at org.testng.SuiteRunnerWorker.run(SuiteRunnerWorker.java:86)
	at org.testng.TestNG.runSuitesSequentially(TestNG.java:1244)
	at org.testng.TestNG.runSuitesLocally(TestNG.java:1169)
	at org.testng.TestNG.run(TestNG.java:1064)
	at org.testng.remote.AbstractRemoteTestNG.run(AbstractRemoteTestNG.java:115)
	at org.testng.remote.RemoteTestNG.initAndRun(RemoteTestNG.java:293)
	at org.testng.remote.RemoteTestNG.main(RemoteTestNG.java:91)
]]>
    </failure>
  </testcase> <!-- @BeforeSuite initializeSuite -->
  <testcase classname="com.subex.rocps.automation.testcases.systemtesting.TestCase02" name="@BeforeClass startWebDriver" time="0.0">
    <failure type="java.lang.NullPointerException" message="Cannot invoke &amp;quot;org.apache.log4j.Logger.error(Object)&amp;quot; because &amp;quot;com.subex.automation.helpers.report.Log4jHelper.logger&amp;quot; is null">
      <![CDATA[java.lang.NullPointerException: Cannot invoke "org.apache.log4j.Logger.error(Object)" because "com.subex.automation.helpers.report.Log4jHelper.logger" is null
	at com.subex.automation.helpers.report.Log4jHelper.logError(Log4jHelper.java:72)
	at com.subex.automation.helpers.util.FailureHelper.setError(FailureHelper.java:82)
	at com.subex.automation.helpers.util.FailureHelper.setErrorMessage(FailureHelper.java:125)
	at com.subex.automation.helpers.selenium.AcceptanceTest.startWebDriver(AcceptanceTest.java:199)
	at java.base/jdk.internal.reflect.DirectMethodHandleAccessor.invoke(DirectMethodHandleAccessor.java:104)
	at java.base/java.lang.reflect.Method.invoke(Method.java:578)
	at org.testng.internal.MethodInvocationHelper.invokeMethod(MethodInvocationHelper.java:86)
	at org.testng.internal.Invoker.invokeConfigurationMethod(Invoker.java:514)
	at org.testng.internal.Invoker.invokeConfigurations(Invoker.java:215)
	at org.testng.internal.Invoker.invokeConfigurations(Invoker.java:142)
	at org.testng.internal.TestMethodWorker.invokeBeforeClassMethods(TestMethodWorker.java:178)
	at org.testng.internal.TestMethodWorker.run(TestMethodWorker.java:108)
	at org.testng.TestRunner.privateRun(TestRunner.java:782)
	at org.testng.TestRunner.run(TestRunner.java:632)
	at org.testng.SuiteRunner.runTest(SuiteRunner.java:366)
	at org.testng.SuiteRunner.runSequentially(SuiteRunner.java:361)
	at org.testng.SuiteRunner.privateRun(SuiteRunner.java:319)
	at org.testng.SuiteRunner.run(SuiteRunner.java:268)
	at org.testng.SuiteRunnerWorker.runSuite(SuiteRunnerWorker.java:52)
	at org.testng.SuiteRunnerWorker.run(SuiteRunnerWorker.java:86)
	at org.testng.TestNG.runSuitesSequentially(TestNG.java:1244)
	at org.testng.TestNG.runSuitesLocally(TestNG.java:1169)
	at org.testng.TestNG.run(TestNG.java:1064)
	at org.testng.remote.AbstractRemoteTestNG.run(AbstractRemoteTestNG.java:115)
	at org.testng.remote.RemoteTestNG.initAndRun(RemoteTestNG.java:293)
	at org.testng.remote.RemoteTestNG.main(RemoteTestNG.java:91)
]]>
    </failure>
  </testcase> <!-- @BeforeClass startWebDriver -->
  <testcase classname="com.subex.rocps.automation.testcases.systemtesting.TestCase02" name="@BeforeClass startApp" time="0.0">
    <failure type="org.testng.TestNGException" message="
Parameter &amp;apos;config&amp;apos; is required by @Configuration on method startApp but has not been marked @Optional or defined
in C:\Users\rahul.muraleedharan\AppData\Local\Temp\testng-eclipse-526937604\testng-customsuite.xml">
      <![CDATA[org.testng.TestNGException: 
Parameter 'config' is required by @Configuration on method startApp but has not been marked @Optional or defined
in C:\Users\rahul.muraleedharan\AppData\Local\Temp\testng-eclipse-526937604\testng-customsuite.xml
	at org.testng.internal.Parameters.createParameters(Parameters.java:154)
	at org.testng.internal.Parameters.createParameters(Parameters.java:361)
	at org.testng.internal.Parameters.createConfigurationParameters(Parameters.java:84)
	at org.testng.internal.Invoker.invokeConfigurations(Invoker.java:201)
	at org.testng.internal.Invoker.invokeConfigurations(Invoker.java:142)
	at org.testng.internal.TestMethodWorker.invokeBeforeClassMethods(TestMethodWorker.java:178)
	at org.testng.internal.TestMethodWorker.run(TestMethodWorker.java:108)
	at org.testng.TestRunner.privateRun(TestRunner.java:782)
	at org.testng.TestRunner.run(TestRunner.java:632)
	at org.testng.SuiteRunner.runTest(SuiteRunner.java:366)
	at org.testng.SuiteRunner.runSequentially(SuiteRunner.java:361)
	at org.testng.SuiteRunner.privateRun(SuiteRunner.java:319)
	at org.testng.SuiteRunner.run(SuiteRunner.java:268)
	at org.testng.SuiteRunnerWorker.runSuite(SuiteRunnerWorker.java:52)
	at org.testng.SuiteRunnerWorker.run(SuiteRunnerWorker.java:86)
	at org.testng.TestNG.runSuitesSequentially(TestNG.java:1244)
	at org.testng.TestNG.runSuitesLocally(TestNG.java:1169)
	at org.testng.TestNG.run(TestNG.java:1064)
	at org.testng.remote.AbstractRemoteTestNG.run(AbstractRemoteTestNG.java:115)
	at org.testng.remote.RemoteTestNG.initAndRun(RemoteTestNG.java:293)
	at org.testng.remote.RemoteTestNG.main(RemoteTestNG.java:91)
]]>
    </failure>
  </testcase> <!-- @BeforeClass startApp -->
  <testcase classname="com.subex.rocps.automation.testcases.systemtesting.TestCase02" name="@BeforeMethod handleTestMethodName" time="0.0">
    <failure type="java.lang.NullPointerException" message="Cannot invoke &amp;quot;org.apache.log4j.Logger.error(Object)&amp;quot; because &amp;quot;com.subex.automation.helpers.report.Log4jHelper.logger&amp;quot; is null">
      <![CDATA[java.lang.NullPointerException: Cannot invoke "org.apache.log4j.Logger.error(Object)" because "com.subex.automation.helpers.report.Log4jHelper.logger" is null
	at com.subex.automation.helpers.report.Log4jHelper.logError(Log4jHelper.java:72)
	at com.subex.automation.helpers.util.FailureHelper.setError(FailureHelper.java:82)
	at com.subex.automation.helpers.util.FailureHelper.setErrorMessage(FailureHelper.java:125)
	at com.subex.automation.helpers.report.ReportHelper.startReport(ReportHelper.java:55)
	at com.subex.automation.helpers.util.FailureHelper.reportFailure(FailureHelper.java:183)
	at com.subex.automation.helpers.selenium.ROCAcceptanceTest.handleTestMethodName(ROCAcceptanceTest.java:191)
	at java.base/jdk.internal.reflect.DirectMethodHandleAccessor.invoke(DirectMethodHandleAccessor.java:104)
	at java.base/java.lang.reflect.Method.invoke(Method.java:578)
	at org.testng.internal.MethodInvocationHelper.invokeMethod(MethodInvocationHelper.java:86)
	at org.testng.internal.Invoker.invokeConfigurationMethod(Invoker.java:514)
	at org.testng.internal.Invoker.invokeConfigurations(Invoker.java:215)
	at org.testng.internal.Invoker.invokeMethod(Invoker.java:589)
	at org.testng.internal.Invoker.invokeTestMethod(Invoker.java:820)
	at org.testng.internal.Invoker.invokeTestMethods(Invoker.java:1128)
	at org.testng.internal.TestMethodWorker.invokeTestMethods(TestMethodWorker.java:129)
	at org.testng.internal.TestMethodWorker.run(TestMethodWorker.java:112)
	at org.testng.TestRunner.privateRun(TestRunner.java:782)
	at org.testng.TestRunner.run(TestRunner.java:632)
	at org.testng.SuiteRunner.runTest(SuiteRunner.java:366)
	at org.testng.SuiteRunner.runSequentially(SuiteRunner.java:361)
	at org.testng.SuiteRunner.privateRun(SuiteRunner.java:319)
	at org.testng.SuiteRunner.run(SuiteRunner.java:268)
	at org.testng.SuiteRunnerWorker.runSuite(SuiteRunnerWorker.java:52)
	at org.testng.SuiteRunnerWorker.run(SuiteRunnerWorker.java:86)
	at org.testng.TestNG.runSuitesSequentially(TestNG.java:1244)
	at org.testng.TestNG.runSuitesLocally(TestNG.java:1169)
	at org.testng.TestNG.run(TestNG.java:1064)
	at org.testng.remote.AbstractRemoteTestNG.run(AbstractRemoteTestNG.java:115)
	at org.testng.remote.RemoteTestNG.initAndRun(RemoteTestNG.java:293)
	at org.testng.remote.RemoteTestNG.main(RemoteTestNG.java:91)
]]>
    </failure>
  </testcase> <!-- @BeforeMethod handleTestMethodName -->
  <testcase classname="com.subex.rocps.automation.testcases.systemtesting.TestCase02" name="@AfterMethod updateReport" time="0.0">
    <failure type="java.lang.NullPointerException" message="Cannot invoke &amp;quot;org.apache.log4j.Logger.error(Object)&amp;quot; because &amp;quot;com.subex.automation.helpers.report.Log4jHelper.logger&amp;quot; is null">
      <![CDATA[java.lang.NullPointerException: Cannot invoke "org.apache.log4j.Logger.error(Object)" because "com.subex.automation.helpers.report.Log4jHelper.logger" is null
	at com.subex.automation.helpers.report.Log4jHelper.logError(Log4jHelper.java:72)
	at com.subex.automation.helpers.util.FailureHelper.setError(FailureHelper.java:82)
	at com.subex.automation.helpers.util.FailureHelper.setErrorMessage(FailureHelper.java:125)
	at com.subex.automation.helpers.report.ReportHelper.startReport(ReportHelper.java:55)
	at com.subex.automation.helpers.util.FailureHelper.reportFailure(FailureHelper.java:183)
	at com.subex.automation.helpers.selenium.ROCAcceptanceTest.updateReport(ROCAcceptanceTest.java:215)
	at java.base/jdk.internal.reflect.DirectMethodHandleAccessor.invoke(DirectMethodHandleAccessor.java:104)
	at java.base/java.lang.reflect.Method.invoke(Method.java:578)
	at org.testng.internal.MethodInvocationHelper.invokeMethod(MethodInvocationHelper.java:86)
	at org.testng.internal.Invoker.invokeConfigurationMethod(Invoker.java:514)
	at org.testng.internal.Invoker.invokeConfigurations(Invoker.java:215)
	at org.testng.internal.Invoker.invokeMethod(Invoker.java:707)
	at org.testng.internal.Invoker.invokeTestMethod(Invoker.java:820)
	at org.testng.internal.Invoker.invokeTestMethods(Invoker.java:1128)
	at org.testng.internal.TestMethodWorker.invokeTestMethods(TestMethodWorker.java:129)
	at org.testng.internal.TestMethodWorker.run(TestMethodWorker.java:112)
	at org.testng.TestRunner.privateRun(TestRunner.java:782)
	at org.testng.TestRunner.run(TestRunner.java:632)
	at org.testng.SuiteRunner.runTest(SuiteRunner.java:366)
	at org.testng.SuiteRunner.runSequentially(SuiteRunner.java:361)
	at org.testng.SuiteRunner.privateRun(SuiteRunner.java:319)
	at org.testng.SuiteRunner.run(SuiteRunner.java:268)
	at org.testng.SuiteRunnerWorker.runSuite(SuiteRunnerWorker.java:52)
	at org.testng.SuiteRunnerWorker.run(SuiteRunnerWorker.java:86)
	at org.testng.TestNG.runSuitesSequentially(TestNG.java:1244)
	at org.testng.TestNG.runSuitesLocally(TestNG.java:1169)
	at org.testng.TestNG.run(TestNG.java:1064)
	at org.testng.remote.AbstractRemoteTestNG.run(AbstractRemoteTestNG.java:115)
	at org.testng.remote.RemoteTestNG.initAndRun(RemoteTestNG.java:293)
	at org.testng.remote.RemoteTestNG.main(RemoteTestNG.java:91)
]]>
    </failure>
  </testcase> <!-- @AfterMethod updateReport -->
  <testcase classname="com.subex.rocps.automation.testcases.systemtesting.TestCase02" name="@AfterClass closeBrowser" time="0.0">
    <failure type="java.lang.NullPointerException" message="Cannot invoke &amp;quot;org.apache.log4j.Logger.error(Object)&amp;quot; because &amp;quot;com.subex.automation.helpers.report.Log4jHelper.logger&amp;quot; is null">
      <![CDATA[java.lang.NullPointerException: Cannot invoke "org.apache.log4j.Logger.error(Object)" because "com.subex.automation.helpers.report.Log4jHelper.logger" is null
	at com.subex.automation.helpers.report.Log4jHelper.logError(Log4jHelper.java:72)
	at com.subex.automation.helpers.util.FailureHelper.setError(FailureHelper.java:82)
	at com.subex.automation.helpers.util.FailureHelper.setErrorMessage(FailureHelper.java:125)
	at com.subex.automation.helpers.report.ReportHelper.startReport(ReportHelper.java:55)
	at com.subex.automation.helpers.util.FailureHelper.reportFailure(FailureHelper.java:183)
	at com.subex.automation.helpers.selenium.AcceptanceTest.closeBrowser(AcceptanceTest.java:211)
	at java.base/jdk.internal.reflect.DirectMethodHandleAccessor.invoke(DirectMethodHandleAccessor.java:104)
	at java.base/java.lang.reflect.Method.invoke(Method.java:578)
	at org.testng.internal.MethodInvocationHelper.invokeMethod(MethodInvocationHelper.java:86)
	at org.testng.internal.Invoker.invokeConfigurationMethod(Invoker.java:514)
	at org.testng.internal.Invoker.invokeConfigurations(Invoker.java:215)
	at org.testng.internal.Invoker.invokeConfigurations(Invoker.java:142)
	at org.testng.internal.TestMethodWorker.invokeAfterClassMethods(TestMethodWorker.java:232)
	at org.testng.internal.TestMethodWorker.run(TestMethodWorker.java:115)
	at org.testng.TestRunner.privateRun(TestRunner.java:782)
	at org.testng.TestRunner.run(TestRunner.java:632)
	at org.testng.SuiteRunner.runTest(SuiteRunner.java:366)
	at org.testng.SuiteRunner.runSequentially(SuiteRunner.java:361)
	at org.testng.SuiteRunner.privateRun(SuiteRunner.java:319)
	at org.testng.SuiteRunner.run(SuiteRunner.java:268)
	at org.testng.SuiteRunnerWorker.runSuite(SuiteRunnerWorker.java:52)
	at org.testng.SuiteRunnerWorker.run(SuiteRunnerWorker.java:86)
	at org.testng.TestNG.runSuitesSequentially(TestNG.java:1244)
	at org.testng.TestNG.runSuitesLocally(TestNG.java:1169)
	at org.testng.TestNG.run(TestNG.java:1064)
	at org.testng.remote.AbstractRemoteTestNG.run(AbstractRemoteTestNG.java:115)
	at org.testng.remote.RemoteTestNG.initAndRun(RemoteTestNG.java:293)
	at org.testng.remote.RemoteTestNG.main(RemoteTestNG.java:91)
]]>
    </failure>
  </testcase> <!-- @AfterClass closeBrowser -->
  <testcase classname="com.subex.rocps.automation.testcases.systemtesting.TestCase02" name="createAccount" time="0.001">
    <skipped/>
  </testcase> <!-- createAccount -->
  <testcase classname="com.subex.rocps.automation.testcases.systemtesting.TestCase02" name="createBillProfile" time="0.0">
    <skipped/>
  </testcase> <!-- createBillProfile -->
  <testcase classname="com.subex.rocps.automation.testcases.systemtesting.TestCase02" name="createElement" time="0.0">
    <skipped/>
  </testcase> <!-- createElement -->
  <testcase classname="com.subex.rocps.automation.testcases.systemtesting.TestCase02" name="createBand" time="0.0">
    <skipped/>
  </testcase> <!-- createBand -->
  <testcase classname="com.subex.rocps.automation.testcases.systemtesting.TestCase02" name="createTariffClass" time="0.0">
    <skipped/>
  </testcase> <!-- createTariffClass -->
  <testcase classname="com.subex.rocps.automation.testcases.systemtesting.TestCase02" name="createTariff" time="0.0">
    <skipped/>
  </testcase> <!-- createTariff -->
  <testcase classname="com.subex.rocps.automation.testcases.systemtesting.TestCase02" name="createEventIdentifierDefn" time="0.0">
    <skipped/>
  </testcase> <!-- createEventIdentifierDefn -->
  <testcase classname="com.subex.rocps.automation.testcases.systemtesting.TestCase02" name="createEventIdentifierVal" time="0.0">
    <skipped/>
  </testcase> <!-- createEventIdentifierVal -->
  <testcase classname="com.subex.rocps.automation.testcases.systemtesting.TestCase02" name="createEventMatchRuleGroup" time="0.0">
    <skipped/>
  </testcase> <!-- createEventMatchRuleGroup -->
  <testcase classname="com.subex.rocps.automation.testcases.systemtesting.TestCase02" name="createEventMatchRule" time="0.0">
    <skipped/>
  </testcase> <!-- createEventMatchRule -->
  <testcase classname="com.subex.rocps.automation.testcases.systemtesting.TestCase02" name="scheduleFileCollection" time="0.0">
    <skipped/>
  </testcase> <!-- scheduleFileCollection -->
  <testcase classname="com.subex.rocps.automation.testcases.systemtesting.TestCase02" name="recurringtasks" time="0.0">
    <skipped/>
  </testcase> <!-- recurringtasks -->
  <testcase classname="com.subex.rocps.automation.testcases.systemtesting.TestCase02" name="verifyAggregationResult" time="0.0">
    <skipped/>
  </testcase> <!-- verifyAggregationResult -->
</testsuite> <!-- Default test -->
