<?xml version="1.0" encoding="UTF-8"?>
<!-- Generated by org.testng.reporters.JUnitXMLReporter -->
<testsuite hostname="1923L11" failures="0" tests="16" name="Testing(failed)" time="19.482" errors="0" timestamp="18 Nov 2025 06:57:40 GMT">
  <testcase classname="com.subex.rocps.automation.testcases.systemtesting.TestCase09" name="@BeforeMethod handleTestMethodName" time="0.0">
    <failure type="org.openqa.selenium.NoSuchSessionException" message="Tried to run command without establishing a connection
Build info: version: &amp;apos;3.141.59&amp;apos;, revision: &amp;apos;e82be7d358&amp;apos;, time: &amp;apos;2018-11-14T08:17:03&amp;apos;
System info: host: &amp;apos;1923L11&amp;apos;, ip: &amp;apos;192.168.0.103&amp;apos;, os.name: &amp;apos;Windows 11&amp;apos;, os.arch: &amp;apos;amd64&amp;apos;, os.version: &amp;apos;10.0&amp;apos;, java.version: &amp;apos;19.0.1&amp;apos;
Driver info: org.openqa.selenium.firefox.FirefoxDriver
Capabilities {acceptInsecureCerts: true, browserName: firefox, browserVersion: 145.0, javascriptEnabled: true, moz:accessibilityChecks: false, moz:buildID: 20251106194447, moz:geckodriverVersion: 0.36.0, moz:headless: false, moz:platformVersion: 10.0, moz:processID: 45708, moz:profile: C:\Users\RAHUL~1.MUR\AppDat..., moz:shutdownTimeout: 60000, moz:webdriverClick: true, moz:windowless: false, pageLoadStrategy: normal, platform: WINDOWS, platformName: WINDOWS, proxy: Proxy(), setWindowRect: true, strictFileInteractability: false, timeouts: {implicit: 0, pageLoad: 300000, script: 30000}, unhandledPromptBehavior: dismiss and notify, userAgent: Mozilla/5.0 (Windows NT 10....}
Session ID: 05f90632-94ac-4bb3-a686-6ff19e832fa9">
      <![CDATA[org.openqa.selenium.NoSuchSessionException: Tried to run command without establishing a connection
Build info: version: '3.141.59', revision: 'e82be7d358', time: '2018-11-14T08:17:03'
System info: host: '1923L11', ip: '192.168.0.103', os.name: 'Windows 11', os.arch: 'amd64', os.version: '10.0', java.version: '19.0.1'
Driver info: org.openqa.selenium.firefox.FirefoxDriver
Capabilities {acceptInsecureCerts: true, browserName: firefox, browserVersion: 145.0, javascriptEnabled: true, moz:accessibilityChecks: false, moz:buildID: 20251106194447, moz:geckodriverVersion: 0.36.0, moz:headless: false, moz:platformVersion: 10.0, moz:processID: 45708, moz:profile: C:\Users\RAHUL~1.MUR\AppDat..., moz:shutdownTimeout: 60000, moz:webdriverClick: true, moz:windowless: false, pageLoadStrategy: normal, platform: WINDOWS, platformName: WINDOWS, proxy: Proxy(), setWindowRect: true, strictFileInteractability: false, timeouts: {implicit: 0, pageLoad: 300000, script: 30000}, unhandledPromptBehavior: dismiss and notify, userAgent: Mozilla/5.0 (Windows NT 10....}
Session ID: 05f90632-94ac-4bb3-a686-6ff19e832fa9
	at java.base/jdk.internal.reflect.DirectConstructorHandleAccessor.newInstance(DirectConstructorHandleAccessor.java:67)
	at java.base/java.lang.reflect.Constructor.newInstanceWithCaller(Constructor.java:500)
	at java.base/java.lang.reflect.Constructor.newInstance(Constructor.java:484)
	at org.openqa.selenium.remote.http.W3CHttpResponseCodec.createException(W3CHttpResponseCodec.java:187)
	at org.openqa.selenium.remote.http.W3CHttpResponseCodec.decode(W3CHttpResponseCodec.java:122)
	at org.openqa.selenium.remote.http.W3CHttpResponseCodec.decode(W3CHttpResponseCodec.java:49)
	at org.openqa.selenium.remote.HttpCommandExecutor.execute(HttpCommandExecutor.java:158)
	at org.openqa.selenium.remote.service.DriverCommandExecutor.execute(DriverCommandExecutor.java:83)
	at org.openqa.selenium.remote.RemoteWebDriver.execute(RemoteWebDriver.java:552)
	at org.openqa.selenium.remote.RemoteWebDriver.execute(RemoteWebDriver.java:609)
	at org.openqa.selenium.remote.RemoteWebDriver.getScreenshotAs(RemoteWebDriver.java:295)
	at com.subex.automation.helpers.report.ReportHelper.captureScreen(ReportHelper.java:359)
	at com.subex.automation.helpers.report.ReportHelper.addScreenShotToStepKey(ReportHelper.java:337)
	at com.subex.automation.helpers.report.ReportHelper.reportFailure(ReportHelper.java:221)
	at com.subex.automation.helpers.report.ReportHelper.reportFailure(ReportHelper.java:242)
	at com.subex.automation.helpers.util.FailureHelper.reportFailure(FailureHelper.java:188)
	at com.subex.automation.helpers.selenium.ROCAcceptanceTest.handleTestMethodName(ROCAcceptanceTest.java:191)
	at java.base/jdk.internal.reflect.DirectMethodHandleAccessor.invoke(DirectMethodHandleAccessor.java:104)
	at java.base/java.lang.reflect.Method.invoke(Method.java:578)
	at org.testng.internal.MethodInvocationHelper.invokeMethod(MethodInvocationHelper.java:86)
	at org.testng.internal.Invoker.invokeConfigurationMethod(Invoker.java:514)
	at org.testng.internal.Invoker.invokeConfigurations(Invoker.java:215)
	at org.testng.internal.Invoker.invokeMethod(Invoker.java:589)
	at org.testng.internal.Invoker.invokeTestMethod(Invoker.java:820)
	at org.testng.internal.Invoker.invokeTestMethods(Invoker.java:1128)
	at org.testng.internal.TestMethodWorker.invokeTestMethods(TestMethodWorker.java:129)
	at org.testng.internal.TestMethodWorker.run(TestMethodWorker.java:112)
	at org.testng.TestRunner.privateRun(TestRunner.java:782)
	at org.testng.TestRunner.run(TestRunner.java:632)
	at org.testng.SuiteRunner.runTest(SuiteRunner.java:366)
	at org.testng.SuiteRunner.runSequentially(SuiteRunner.java:361)
	at org.testng.SuiteRunner.privateRun(SuiteRunner.java:319)
	at org.testng.SuiteRunner.run(SuiteRunner.java:268)
	at org.testng.SuiteRunnerWorker.runSuite(SuiteRunnerWorker.java:52)
	at org.testng.SuiteRunnerWorker.run(SuiteRunnerWorker.java:86)
	at org.testng.TestNG.runSuitesSequentially(TestNG.java:1244)
	at org.testng.TestNG.runSuitesLocally(TestNG.java:1169)
	at org.testng.TestNG.run(TestNG.java:1064)
	at org.testng.remote.AbstractRemoteTestNG.run(AbstractRemoteTestNG.java:115)
	at org.testng.remote.RemoteTestNG.initAndRun(RemoteTestNG.java:293)
	at org.testng.remote.RemoteTestNG.main(RemoteTestNG.java:91)
]]>
    </failure>
  </testcase> <!-- @BeforeMethod handleTestMethodName -->
  <testcase classname="com.subex.rocps.automation.testcases.systemtesting.TestCase09" name="createElement" time="0.0">
    <skipped/>
  </testcase> <!-- createElement -->
  <testcase classname="com.subex.rocps.automation.testcases.systemtesting.TestCase09" name="createBand" time="0.0">
    <skipped/>
  </testcase> <!-- createBand -->
  <testcase classname="com.subex.rocps.automation.testcases.systemtesting.TestCase09" name="createTariffClass" time="0.0">
    <skipped/>
  </testcase> <!-- createTariffClass -->
  <testcase classname="com.subex.rocps.automation.testcases.systemtesting.TestCase09" name="createTariff" time="0.0">
    <skipped/>
  </testcase> <!-- createTariff -->
  <testcase classname="com.subex.rocps.automation.testcases.systemtesting.TestCase09" name="createEventIdentifierDefn" time="0.0">
    <skipped/>
  </testcase> <!-- createEventIdentifierDefn -->
  <testcase classname="com.subex.rocps.automation.testcases.systemtesting.TestCase09" name="createAccount" time="0.0">
    <skipped/>
  </testcase> <!-- createAccount -->
  <testcase classname="com.subex.rocps.automation.testcases.systemtesting.TestCase09" name="createOperator" time="0.0">
    <skipped/>
  </testcase> <!-- createOperator -->
  <testcase classname="com.subex.rocps.automation.testcases.systemtesting.TestCase09" name="createSwitch" time="0.0">
    <skipped/>
  </testcase> <!-- createSwitch -->
  <testcase classname="com.subex.rocps.automation.testcases.systemtesting.TestCase09" name="createRouteGroup" time="0.0">
    <skipped/>
  </testcase> <!-- createRouteGroup -->
  <testcase classname="com.subex.rocps.automation.testcases.systemtesting.TestCase09" name="createRoute" time="0.0">
    <skipped/>
  </testcase> <!-- createRoute -->
  <testcase classname="com.subex.rocps.automation.testcases.systemtesting.TestCase09" name="createEventMatchRuleGroup" time="0.0">
    <skipped/>
  </testcase> <!-- createEventMatchRuleGroup -->
  <testcase classname="com.subex.rocps.automation.testcases.systemtesting.TestCase09" name="createBillProfile" time="0.0">
    <skipped/>
  </testcase> <!-- createBillProfile -->
  <testcase classname="com.subex.rocps.automation.testcases.systemtesting.TestCase09" name="createEventMatchRule" time="0.0">
    <skipped/>
  </testcase> <!-- createEventMatchRule -->
  <testcase classname="com.subex.rocps.automation.testcases.systemtesting.TestCase09" name="scheduleFileCollection" time="0.0">
    <skipped/>
  </testcase> <!-- scheduleFileCollection -->
  <testcase classname="com.subex.rocps.automation.testcases.systemtesting.TestCase09" name="recurringtasks" time="0.0">
    <skipped/>
  </testcase> <!-- recurringtasks -->
  <testcase classname="com.subex.rocps.automation.testcases.systemtesting.TestCase09" name="verifyAggregationResult" time="0.0">
    <skipped/>
  </testcase> <!-- verifyAggregationResult -->
</testsuite> <!-- Testing(failed) -->
