<?xml version="1.0" encoding="UTF-8"?>
<!-- Generated by org.testng.reporters.JUnitXMLReporter -->
<testsuite hostname="1923L11" failures="0" tests="16" name="Testing" time="705.457" errors="0" timestamp="18 Nov 2025 06:57:21 GMT">
  <testcase classname="com.subex.rocps.automation.testcases.systemtesting.TestCase09" name="createElement" time="43.414"/>
  <testcase classname="com.subex.rocps.automation.testcases.systemtesting.TestCase09" name="createBand" time="30.128"/>
  <testcase classname="com.subex.rocps.automation.testcases.systemtesting.TestCase09" name="createTariffClass" time="6.21"/>
  <testcase classname="com.subex.rocps.automation.testcases.systemtesting.TestCase09" name="createTariff" time="41.863"/>
  <testcase classname="com.subex.rocps.automation.testcases.systemtesting.TestCase09" name="createEventIdentifierDefn" time="6.715"/>
  <testcase classname="com.subex.rocps.automation.testcases.systemtesting.TestCase09" name="createAccount" time="32.964"/>
  <testcase classname="com.subex.rocps.automation.testcases.systemtesting.TestCase09" name="createOperator" time="26.967"/>
  <testcase classname="com.subex.rocps.automation.testcases.systemtesting.TestCase09" name="createSwitch" time="15.794"/>
  <testcase classname="com.subex.rocps.automation.testcases.systemtesting.TestCase09" name="createRouteGroup" time="15.195"/>
  <testcase classname="com.subex.rocps.automation.testcases.systemtesting.TestCase09" name="createRoute" time="75.336"/>
  <testcase classname="com.subex.rocps.automation.testcases.systemtesting.TestCase09" name="createEventMatchRuleGroup" time="25.358"/>
  <testcase classname="com.subex.rocps.automation.testcases.systemtesting.TestCase09" name="createBillProfile" time="99.405"/>
  <testcase classname="com.subex.rocps.automation.testcases.systemtesting.TestCase09" name="createEventMatchRule" time="74.827"/>
  <testcase classname="com.subex.rocps.automation.testcases.systemtesting.TestCase09" name="scheduleFileCollection" time="48.055"/>
  <testcase classname="com.subex.rocps.automation.testcases.systemtesting.TestCase09" name="recurringtasks" time="44.827"/>
  <testcase classname="com.subex.rocps.automation.testcases.systemtesting.TestCase09" name="verifyAggregationResult" time="59.711"/>
</testsuite> <!-- Testing -->
