<?xml version="1.0" encoding="UTF-8"?>
<!-- Generated by org.testng.reporters.JUnitReportReporter -->
<testsuite hostname="1923L11" failures="0" tests="1" name="com.subex.rocps.automation.testcases.systemtesting.TestCase12" time="57.505" errors="0" timestamp="18 Nov 2025 11:53:15 GMT">
  <testcase classname="com.subex.rocps.automation.testcases.systemtesting.TestCase12" name="verifyAggregationResult" time="57.505"/>
</testsuite> <!-- com.subex.rocps.automation.testcases.systemtesting.TestCase12 -->
