<?xml version="1.0" encoding="UTF-8"?>
<!-- Generated by org.testng.reporters.JUnitReportReporter -->
<testsuite hostname="1923L11" failures="3" tests="11" name="com.subex.rocps.automation.testcases.systemtesting.ROCPreRequisites" time="222.478" errors="0" timestamp="12 Nov 2025 05:26:42 GMT">
  <testcase classname="com.subex.rocps.automation.testcases.systemtesting.ROCPreRequisites" name="createDataSourceConnection" time="16.472"/>
  <testcase classname="com.subex.rocps.automation.testcases.systemtesting.ROCPreRequisites" name="attachUsageServer" time="12.565">
    <failure message="Action &#039;Usage Server&#039; missing in Usage Group expected [true] but found [false]" type="java.lang.AssertionError">
      <![CDATA[java.lang.AssertionError: Action 'Usage Server' missing in Usage Group expected [true] but found [false]
	at org.testng.Assert.fail(Assert.java:94)
	at org.testng.Assert.failNotEquals(Assert.java:513)
	at org.testng.Assert.assertTrue(Assert.java:42)
	at com.subex.automation.helpers.application.screens.UsageGroupHelper.attachUsageServer(UsageGroupHelper.java:330)
	at com.subex.automation.helpers.application.screens.UsageGroupHelper.attachUsageServer(UsageGroupHelper.java:275)
	at com.subex.rocps.automation.testcases.systemtesting.ROCPreRequisites.attachUsageServer(ROCPreRequisites.java:68)
	at java.base/jdk.internal.reflect.DirectMethodHandleAccessor.invoke(DirectMethodHandleAccessor.java:104)
	at java.base/java.lang.reflect.Method.invoke(Method.java:578)
	at org.testng.internal.MethodInvocationHelper.invokeMethod(MethodInvocationHelper.java:86)
	at org.testng.internal.Invoker.invokeMethod(Invoker.java:643)
	at org.testng.internal.Invoker.invokeTestMethod(Invoker.java:820)
	at org.testng.internal.Invoker.invokeTestMethods(Invoker.java:1128)
	at org.testng.internal.TestMethodWorker.invokeTestMethods(TestMethodWorker.java:129)
	at org.testng.internal.TestMethodWorker.run(TestMethodWorker.java:112)
	at org.testng.TestRunner.privateRun(TestRunner.java:782)
	at org.testng.TestRunner.run(TestRunner.java:632)
	at org.testng.SuiteRunner.runTest(SuiteRunner.java:366)
	at org.testng.SuiteRunner.runSequentially(SuiteRunner.java:361)
	at org.testng.SuiteRunner.privateRun(SuiteRunner.java:319)
	at org.testng.SuiteRunner.run(SuiteRunner.java:268)
	at org.testng.SuiteRunnerWorker.runSuite(SuiteRunnerWorker.java:52)
	at org.testng.SuiteRunnerWorker.run(SuiteRunnerWorker.java:86)
	at org.testng.TestNG.runSuitesSequentially(TestNG.java:1244)
	at org.testng.TestNG.runSuitesLocally(TestNG.java:1169)
	at org.testng.TestNG.run(TestNG.java:1064)
	at org.testng.remote.AbstractRemoteTestNG.run(AbstractRemoteTestNG.java:115)
	at org.testng.remote.RemoteTestNG.initAndRun(RemoteTestNG.java:293)
	at org.testng.remote.RemoteTestNG.main(RemoteTestNG.java:91)
]]>
    </failure>
  </testcase> <!-- attachUsageServer -->
  <testcase classname="com.subex.rocps.automation.testcases.systemtesting.ROCPreRequisites" name="createTaskController" time="9.606"/>
  <testcase classname="com.subex.rocps.automation.testcases.systemtesting.ROCPreRequisites" name="createBillingstream" time="7.777"/>
  <testcase classname="com.subex.rocps.automation.testcases.systemtesting.ROCPreRequisites" name="attachUsageServer" time="0.853">
    <failure message="Text box &#039;//table[@id=&#039;-searchBox1&#039;]//input[@type=&#039;text&#039;]&#039; is not found." type="java.lang.AssertionError">
      <![CDATA[java.lang.AssertionError: Text box '//table[@id='-searchBox1']//input[@type='text']' is not found.
	at org.testng.Assert.fail(Assert.java:94)
	at com.subex.automation.helpers.util.FailureHelper.failTest(FailureHelper.java:39)
	at com.subex.automation.helpers.component.TextBoxHelper.type(TextBoxHelper.java:101)
	at com.subex.automation.helpers.application.NavigationMenuHelper.navigationMenu(NavigationMenuHelper.java:57)
	at com.subex.automation.helpers.application.NavigationHelper.navigateToScreen(NavigationHelper.java:122)
	at com.subex.automation.helpers.application.screens.UsageGroupHelper.navigateToUsageGroup(UsageGroupHelper.java:350)
	at com.subex.automation.helpers.application.screens.UsageGroupHelper.attachUsageServer(UsageGroupHelper.java:296)
	at com.subex.automation.helpers.application.screens.UsageGroupHelper.attachUsageServer(UsageGroupHelper.java:275)
	at com.subex.rocps.automation.testcases.systemtesting.ROCPreRequisites.attachUsageServer(ROCPreRequisites.java:68)
	at java.base/jdk.internal.reflect.DirectMethodHandleAccessor.invoke(DirectMethodHandleAccessor.java:104)
	at java.base/java.lang.reflect.Method.invoke(Method.java:578)
	at org.testng.internal.MethodInvocationHelper.invokeMethod(MethodInvocationHelper.java:86)
	at org.testng.internal.Invoker.invokeMethod(Invoker.java:643)
	at org.testng.internal.Invoker.retryFailed(Invoker.java:967)
	at org.testng.internal.Invoker.invokeTestMethods(Invoker.java:1146)
	at org.testng.internal.TestMethodWorker.invokeTestMethods(TestMethodWorker.java:129)
	at org.testng.internal.TestMethodWorker.run(TestMethodWorker.java:112)
	at org.testng.TestRunner.privateRun(TestRunner.java:782)
	at org.testng.TestRunner.run(TestRunner.java:632)
	at org.testng.SuiteRunner.runTest(SuiteRunner.java:366)
	at org.testng.SuiteRunner.runSequentially(SuiteRunner.java:361)
	at org.testng.SuiteRunner.privateRun(SuiteRunner.java:319)
	at org.testng.SuiteRunner.run(SuiteRunner.java:268)
	at org.testng.SuiteRunnerWorker.runSuite(SuiteRunnerWorker.java:52)
	at org.testng.SuiteRunnerWorker.run(SuiteRunnerWorker.java:86)
	at org.testng.TestNG.runSuitesSequentially(TestNG.java:1244)
	at org.testng.TestNG.runSuitesLocally(TestNG.java:1169)
	at org.testng.TestNG.run(TestNG.java:1064)
	at org.testng.remote.AbstractRemoteTestNG.run(AbstractRemoteTestNG.java:115)
	at org.testng.remote.RemoteTestNG.initAndRun(RemoteTestNG.java:293)
	at org.testng.remote.RemoteTestNG.main(RemoteTestNG.java:91)
]]>
    </failure>
  </testcase> <!-- attachUsageServer -->
  <testcase classname="com.subex.rocps.automation.testcases.systemtesting.ROCPreRequisites" name="createUsageServer" time="25.925"/>
  <testcase classname="com.subex.rocps.automation.testcases.systemtesting.ROCPreRequisites" name="createUsageGroup" time="90.989"/>
  <testcase classname="com.subex.rocps.automation.testcases.systemtesting.ROCPreRequisites" name="attachUsageServer" time="0.952">
    <failure message="Text box &#039;//table[@id=&#039;-searchBox1&#039;]//input[@type=&#039;text&#039;]&#039; is not found." type="java.lang.AssertionError">
      <![CDATA[java.lang.AssertionError: Text box '//table[@id='-searchBox1']//input[@type='text']' is not found.
	at org.testng.Assert.fail(Assert.java:94)
	at com.subex.automation.helpers.util.FailureHelper.failTest(FailureHelper.java:39)
	at com.subex.automation.helpers.component.TextBoxHelper.type(TextBoxHelper.java:101)
	at com.subex.automation.helpers.application.NavigationMenuHelper.navigationMenu(NavigationMenuHelper.java:57)
	at com.subex.automation.helpers.application.NavigationHelper.navigateToScreen(NavigationHelper.java:122)
	at com.subex.automation.helpers.application.screens.UsageGroupHelper.navigateToUsageGroup(UsageGroupHelper.java:350)
	at com.subex.automation.helpers.application.screens.UsageGroupHelper.attachUsageServer(UsageGroupHelper.java:296)
	at com.subex.automation.helpers.application.screens.UsageGroupHelper.attachUsageServer(UsageGroupHelper.java:275)
	at com.subex.rocps.automation.testcases.systemtesting.ROCPreRequisites.attachUsageServer(ROCPreRequisites.java:68)
	at java.base/jdk.internal.reflect.DirectMethodHandleAccessor.invoke(DirectMethodHandleAccessor.java:104)
	at java.base/java.lang.reflect.Method.invoke(Method.java:578)
	at org.testng.internal.MethodInvocationHelper.invokeMethod(MethodInvocationHelper.java:86)
	at org.testng.internal.Invoker.invokeMethod(Invoker.java:643)
	at org.testng.internal.Invoker.retryFailed(Invoker.java:967)
	at org.testng.internal.Invoker.invokeTestMethods(Invoker.java:1146)
	at org.testng.internal.TestMethodWorker.invokeTestMethods(TestMethodWorker.java:129)
	at org.testng.internal.TestMethodWorker.run(TestMethodWorker.java:112)
	at org.testng.TestRunner.privateRun(TestRunner.java:782)
	at org.testng.TestRunner.run(TestRunner.java:632)
	at org.testng.SuiteRunner.runTest(SuiteRunner.java:366)
	at org.testng.SuiteRunner.runSequentially(SuiteRunner.java:361)
	at org.testng.SuiteRunner.privateRun(SuiteRunner.java:319)
	at org.testng.SuiteRunner.run(SuiteRunner.java:268)
	at org.testng.SuiteRunnerWorker.runSuite(SuiteRunnerWorker.java:52)
	at org.testng.SuiteRunnerWorker.run(SuiteRunnerWorker.java:86)
	at org.testng.TestNG.runSuitesSequentially(TestNG.java:1244)
	at org.testng.TestNG.runSuitesLocally(TestNG.java:1169)
	at org.testng.TestNG.run(TestNG.java:1064)
	at org.testng.remote.AbstractRemoteTestNG.run(AbstractRemoteTestNG.java:115)
	at org.testng.remote.RemoteTestNG.initAndRun(RemoteTestNG.java:293)
	at org.testng.remote.RemoteTestNG.main(RemoteTestNG.java:91)
]]>
    </failure>
  </testcase> <!-- attachUsageServer -->
  <testcase classname="com.subex.rocps.automation.testcases.systemtesting.ROCPreRequisites" name="schema" time="21.063"/>
  <testcase classname="com.subex.rocps.automation.testcases.systemtesting.ROCPreRequisites" name="createStreamController" time="8.972"/>
  <testcase classname="com.subex.rocps.automation.testcases.systemtesting.ROCPreRequisites" name="createDataSourceLocation" time="27.304"/>
</testsuite> <!-- com.subex.rocps.automation.testcases.systemtesting.ROCPreRequisites -->
