<?xml version="1.0" encoding="UTF-8"?>
<!-- Generated by org.testng.reporters.JUnitReportReporter -->
<testsuite hostname="1923L11" failures="0" tests="2" name="com.subex.rocps.automation.testcases.systemtesting.ControllerStartup" time="108.943" errors="0" timestamp="29 Oct 2025 11:55:20 GMT">
  <testcase classname="com.subex.rocps.automation.testcases.systemtesting.ControllerStartup" name="startTC" time="0.391"/>
  <testcase classname="com.subex.rocps.automation.testcases.systemtesting.ControllerStartup" name="startSC" time="108.552"/>
</testsuite> <!-- com.subex.rocps.automation.testcases.systemtesting.ControllerStartup -->
