<?xml version="1.0" encoding="UTF-8"?>
<!-- Generated by org.testng.reporters.JUnitReportReporter -->
<testsuite hostname="1923L11" failures="0" tests="17" name="com.subex.rocps.automation.testcases.systemtesting.TestCase05" time="602.176" errors="0" timestamp="17 Nov 2025 17:52:58 GMT">
  <testcase classname="com.subex.rocps.automation.testcases.systemtesting.TestCase05" name="createBand" time="17.252"/>
  <testcase classname="com.subex.rocps.automation.testcases.systemtesting.TestCase05" name="createOperator" time="13.195"/>
  <testcase classname="com.subex.rocps.automation.testcases.systemtesting.TestCase05" name="createEventMatchRuleGroup" time="20.060"/>
  <testcase classname="com.subex.rocps.automation.testcases.systemtesting.TestCase05" name="scheduleFileCollection" time="47.317"/>
  <testcase classname="com.subex.rocps.automation.testcases.systemtesting.TestCase05" name="createEventMatchRule" time="84.520"/>
  <testcase classname="com.subex.rocps.automation.testcases.systemtesting.TestCase05" name="createBillProfile" time="47.369"/>
  <testcase classname="com.subex.rocps.automation.testcases.systemtesting.TestCase05" name="verifyAggregationResult" time="33.652"/>
  <testcase classname="com.subex.rocps.automation.testcases.systemtesting.TestCase05" name="createEventIdentifierDefn" time="45.345"/>
  <testcase classname="com.subex.rocps.automation.testcases.systemtesting.TestCase05" name="createRoute" time="65.396"/>
  <testcase classname="com.subex.rocps.automation.testcases.systemtesting.TestCase05" name="createEventIdentifierVal" time="19.275"/>
  <testcase classname="com.subex.rocps.automation.testcases.systemtesting.TestCase05" name="createTariffClass" time="4.147"/>
  <testcase classname="com.subex.rocps.automation.testcases.systemtesting.TestCase05" name="createSwitch" time="3.262"/>
  <testcase classname="com.subex.rocps.automation.testcases.systemtesting.TestCase05" name="recurringtasks" time="47.494"/>
  <testcase classname="com.subex.rocps.automation.testcases.systemtesting.TestCase05" name="createAccount" time="5.392"/>
  <testcase classname="com.subex.rocps.automation.testcases.systemtesting.TestCase05" name="createTariff" time="116.087"/>
  <testcase classname="com.subex.rocps.automation.testcases.systemtesting.TestCase05" name="createElement" time="23.719"/>
  <testcase classname="com.subex.rocps.automation.testcases.systemtesting.TestCase05" name="createRouteGroup" time="8.694"/>
</testsuite> <!-- com.subex.rocps.automation.testcases.systemtesting.TestCase05 -->
