<?xml version="1.0" encoding="UTF-8"?>
<!-- Generated by org.testng.reporters.JUnitReportReporter -->
<testsuite hostname="1923L11" failures="0" tests="4" name="com.subex.rocps.automation.testcases.systemtesting.Prerequisites" time="1.598" errors="0" timestamp="12 Nov 2025 05:26:42 GMT">
  <testcase classname="com.subex.rocps.automation.testcases.systemtesting.Prerequisites" name="copyRateSheetImportStatusAlertFile" time="0.183"/>
  <testcase classname="com.subex.rocps.automation.testcases.systemtesting.Prerequisites" name="copyBirtEmailFile" time="0.229"/>
  <testcase classname="com.subex.rocps.automation.testcases.systemtesting.Prerequisites" name="copyBirtFile" time="0.887"/>
  <testcase classname="com.subex.rocps.automation.testcases.systemtesting.Prerequisites" name="updatePassword" time="0.299"/>
</testsuite> <!-- com.subex.rocps.automation.testcases.systemtesting.Prerequisites -->
