<?xml version="1.0" encoding="UTF-8"?>
<!-- Generated by org.testng.reporters.JUnitReportReporter -->
<testsuite hostname="1923L11" failures="3" tests="18" name="com.subex.rocps.automation.testcases.systemtesting.TestCase13" time="172.492" errors="1" timestamp="19 Nov 2025 09:30:35 GMT">
  <testcase classname="com.subex.rocps.automation.testcases.systemtesting.TestCase13" name="createElement" time="27.948"/>
  <testcase classname="com.subex.rocps.automation.testcases.systemtesting.TestCase13" name="createEventIdentifierDefn" time="3.372"/>
  <testcase classname="com.subex.rocps.automation.testcases.systemtesting.TestCase13" name="createRoute" time="5.460"/>
  <testcase classname="com.subex.rocps.automation.testcases.systemtesting.TestCase13" name="verifyAggregationResult" time="48.418"/>
  <testcase classname="com.subex.rocps.automation.testcases.systemtesting.TestCase13" name="createtestBill" time="15.403">
    <failure message="Expected value &#039;01/01/25 - 31/01/25&#039; not found in Combo box" type="java.lang.AssertionError">
      <![CDATA[java.lang.AssertionError: Expected value '01/01/25 - 31/01/25' not found in Combo box
	at org.testng.Assert.fail(Assert.java:94)
	at com.subex.automation.helpers.util.FailureHelper.failTest(FailureHelper.java:39)
	at com.subex.automation.helpers.component.ComboBoxHelper.select(ComboBoxHelper.java:124)
	at com.subex.rocps.automation.helpers.application.bills.billrequest.BillRequestDetailImpl.billRequestDetails(BillRequestDetailImpl.java:50)
	at com.subex.rocps.automation.helpers.application.bills.hotbill.BillActionImpl.newBillRequest(BillActionImpl.java:61)
	at com.subex.rocps.automation.helpers.application.bills.TestBill.newTestBill(TestBill.java:135)
	at com.subex.rocps.automation.helpers.application.bills.TestBill.testBillCreation(TestBill.java:122)
	at com.subex.rocps.automation.testcases.systemtesting.TestCase13.createtestBill(TestCase13.java:241)
	at java.base/jdk.internal.reflect.DirectMethodHandleAccessor.invoke(DirectMethodHandleAccessor.java:104)
	at java.base/java.lang.reflect.Method.invoke(Method.java:578)
	at org.testng.internal.MethodInvocationHelper.invokeMethod(MethodInvocationHelper.java:86)
	at org.testng.internal.Invoker.invokeMethod(Invoker.java:643)
	at org.testng.internal.Invoker.invokeTestMethod(Invoker.java:820)
	at org.testng.internal.Invoker.invokeTestMethods(Invoker.java:1128)
	at org.testng.internal.TestMethodWorker.invokeTestMethods(TestMethodWorker.java:129)
	at org.testng.internal.TestMethodWorker.run(TestMethodWorker.java:112)
	at org.testng.TestRunner.privateRun(TestRunner.java:782)
	at org.testng.TestRunner.run(TestRunner.java:632)
	at org.testng.SuiteRunner.runTest(SuiteRunner.java:366)
	at org.testng.SuiteRunner.runSequentially(SuiteRunner.java:361)
	at org.testng.SuiteRunner.privateRun(SuiteRunner.java:319)
	at org.testng.SuiteRunner.run(SuiteRunner.java:268)
	at org.testng.SuiteRunnerWorker.runSuite(SuiteRunnerWorker.java:52)
	at org.testng.SuiteRunnerWorker.run(SuiteRunnerWorker.java:86)
	at org.testng.TestNG.runSuitesSequentially(TestNG.java:1244)
	at org.testng.TestNG.runSuitesLocally(TestNG.java:1169)
	at org.testng.TestNG.run(TestNG.java:1064)
	at org.testng.remote.AbstractRemoteTestNG.run(AbstractRemoteTestNG.java:115)
	at org.testng.remote.RemoteTestNG.initAndRun(RemoteTestNG.java:293)
	at org.testng.remote.RemoteTestNG.main(RemoteTestNG.java:91)
]]>
    </failure>
  </testcase> <!-- createtestBill -->
  <testcase classname="com.subex.rocps.automation.testcases.systemtesting.TestCase13" name="createTariffClass" time="3.581"/>
  <testcase classname="com.subex.rocps.automation.testcases.systemtesting.TestCase13" name="createTariff" time="19.456"/>
  <testcase classname="com.subex.rocps.automation.testcases.systemtesting.TestCase13" name="createhotBill" time="0.000">
    <error message="Method TestCase13.createhotBill()[pri:18, instance:com.subex.rocps.automation.testcases.systemtesting.TestCase13@10a9d961] depends on not successfully finished methods" type="java.lang.Throwable">
      <![CDATA[java.lang.Throwable: Method TestCase13.createhotBill()[pri:18, instance:com.subex.rocps.automation.testcases.systemtesting.TestCase13@10a9d961] depends on not successfully finished methods
	at org.testng.internal.Invoker.invokeTestMethods(Invoker.java:1037)
	at org.testng.internal.TestMethodWorker.invokeTestMethods(TestMethodWorker.java:129)
	at org.testng.internal.TestMethodWorker.run(TestMethodWorker.java:112)
	at org.testng.TestRunner.privateRun(TestRunner.java:782)
	at org.testng.TestRunner.run(TestRunner.java:632)
	at org.testng.SuiteRunner.runTest(SuiteRunner.java:366)
	at org.testng.SuiteRunner.runSequentially(SuiteRunner.java:361)
	at org.testng.SuiteRunner.privateRun(SuiteRunner.java:319)
	at org.testng.SuiteRunner.run(SuiteRunner.java:268)
	at org.testng.SuiteRunnerWorker.runSuite(SuiteRunnerWorker.java:52)
	at org.testng.SuiteRunnerWorker.run(SuiteRunnerWorker.java:86)
	at org.testng.TestNG.runSuitesSequentially(TestNG.java:1244)
	at org.testng.TestNG.runSuitesLocally(TestNG.java:1169)
	at org.testng.TestNG.run(TestNG.java:1064)
	at org.testng.remote.AbstractRemoteTestNG.run(AbstractRemoteTestNG.java:115)
	at org.testng.remote.RemoteTestNG.initAndRun(RemoteTestNG.java:293)
	at org.testng.remote.RemoteTestNG.main(RemoteTestNG.java:91)
]]>
    </error>
  </testcase> <!-- createhotBill -->
  <testcase classname="com.subex.rocps.automation.testcases.systemtesting.TestCase13" name="createtestBill" time="0.966">
    <failure message="Text box &#039;//table[@id=&#039;-searchBox1&#039;]//input[@type=&#039;text&#039;]&#039; is not found." type="java.lang.AssertionError">
      <![CDATA[java.lang.AssertionError: Text box '//table[@id='-searchBox1']//input[@type='text']' is not found.
	at org.testng.Assert.fail(Assert.java:94)
	at com.subex.automation.helpers.util.FailureHelper.failTest(FailureHelper.java:39)
	at com.subex.automation.helpers.component.TextBoxHelper.type(TextBoxHelper.java:101)
	at com.subex.automation.helpers.application.NavigationMenuHelper.navigationMenu(NavigationMenuHelper.java:57)
	at com.subex.automation.helpers.application.NavigationHelper.navigateToScreen(NavigationHelper.java:51)
	at com.subex.rocps.automation.helpers.application.bills.TestBill.testBillCreation(TestBill.java:119)
	at com.subex.rocps.automation.testcases.systemtesting.TestCase13.createtestBill(TestCase13.java:241)
	at java.base/jdk.internal.reflect.DirectMethodHandleAccessor.invoke(DirectMethodHandleAccessor.java:104)
	at java.base/java.lang.reflect.Method.invoke(Method.java:578)
	at org.testng.internal.MethodInvocationHelper.invokeMethod(MethodInvocationHelper.java:86)
	at org.testng.internal.Invoker.invokeMethod(Invoker.java:643)
	at org.testng.internal.Invoker.retryFailed(Invoker.java:967)
	at org.testng.internal.Invoker.invokeTestMethods(Invoker.java:1146)
	at org.testng.internal.TestMethodWorker.invokeTestMethods(TestMethodWorker.java:129)
	at org.testng.internal.TestMethodWorker.run(TestMethodWorker.java:112)
	at org.testng.TestRunner.privateRun(TestRunner.java:782)
	at org.testng.TestRunner.run(TestRunner.java:632)
	at org.testng.SuiteRunner.runTest(SuiteRunner.java:366)
	at org.testng.SuiteRunner.runSequentially(SuiteRunner.java:361)
	at org.testng.SuiteRunner.privateRun(SuiteRunner.java:319)
	at org.testng.SuiteRunner.run(SuiteRunner.java:268)
	at org.testng.SuiteRunnerWorker.runSuite(SuiteRunnerWorker.java:52)
	at org.testng.SuiteRunnerWorker.run(SuiteRunnerWorker.java:86)
	at org.testng.TestNG.runSuitesSequentially(TestNG.java:1244)
	at org.testng.TestNG.runSuitesLocally(TestNG.java:1169)
	at org.testng.TestNG.run(TestNG.java:1064)
	at org.testng.remote.AbstractRemoteTestNG.run(AbstractRemoteTestNG.java:115)
	at org.testng.remote.RemoteTestNG.initAndRun(RemoteTestNG.java:293)
	at org.testng.remote.RemoteTestNG.main(RemoteTestNG.java:91)
]]>
    </failure>
  </testcase> <!-- createtestBill -->
  <testcase classname="com.subex.rocps.automation.testcases.systemtesting.TestCase13" name="createtestBill" time="0.907">
    <failure message="Text box &#039;//table[@id=&#039;-searchBox1&#039;]//input[@type=&#039;text&#039;]&#039; is not found." type="java.lang.AssertionError">
      <![CDATA[java.lang.AssertionError: Text box '//table[@id='-searchBox1']//input[@type='text']' is not found.
	at org.testng.Assert.fail(Assert.java:94)
	at com.subex.automation.helpers.util.FailureHelper.failTest(FailureHelper.java:39)
	at com.subex.automation.helpers.component.TextBoxHelper.type(TextBoxHelper.java:101)
	at com.subex.automation.helpers.application.NavigationMenuHelper.navigationMenu(NavigationMenuHelper.java:57)
	at com.subex.automation.helpers.application.NavigationHelper.navigateToScreen(NavigationHelper.java:51)
	at com.subex.rocps.automation.helpers.application.bills.TestBill.testBillCreation(TestBill.java:119)
	at com.subex.rocps.automation.testcases.systemtesting.TestCase13.createtestBill(TestCase13.java:241)
	at java.base/jdk.internal.reflect.DirectMethodHandleAccessor.invoke(DirectMethodHandleAccessor.java:104)
	at java.base/java.lang.reflect.Method.invoke(Method.java:578)
	at org.testng.internal.MethodInvocationHelper.invokeMethod(MethodInvocationHelper.java:86)
	at org.testng.internal.Invoker.invokeMethod(Invoker.java:643)
	at org.testng.internal.Invoker.retryFailed(Invoker.java:967)
	at org.testng.internal.Invoker.invokeTestMethods(Invoker.java:1146)
	at org.testng.internal.TestMethodWorker.invokeTestMethods(TestMethodWorker.java:129)
	at org.testng.internal.TestMethodWorker.run(TestMethodWorker.java:112)
	at org.testng.TestRunner.privateRun(TestRunner.java:782)
	at org.testng.TestRunner.run(TestRunner.java:632)
	at org.testng.SuiteRunner.runTest(SuiteRunner.java:366)
	at org.testng.SuiteRunner.runSequentially(SuiteRunner.java:361)
	at org.testng.SuiteRunner.privateRun(SuiteRunner.java:319)
	at org.testng.SuiteRunner.run(SuiteRunner.java:268)
	at org.testng.SuiteRunnerWorker.runSuite(SuiteRunnerWorker.java:52)
	at org.testng.SuiteRunnerWorker.run(SuiteRunnerWorker.java:86)
	at org.testng.TestNG.runSuitesSequentially(TestNG.java:1244)
	at org.testng.TestNG.runSuitesLocally(TestNG.java:1169)
	at org.testng.TestNG.run(TestNG.java:1064)
	at org.testng.remote.AbstractRemoteTestNG.run(AbstractRemoteTestNG.java:115)
	at org.testng.remote.RemoteTestNG.initAndRun(RemoteTestNG.java:293)
	at org.testng.remote.RemoteTestNG.main(RemoteTestNG.java:91)
]]>
    </failure>
  </testcase> <!-- createtestBill -->
  <testcase classname="com.subex.rocps.automation.testcases.systemtesting.TestCase13" name="createEventMatchRule" time="3.321"/>
  <testcase classname="com.subex.rocps.automation.testcases.systemtesting.TestCase13" name="createOperator" time="3.158"/>
  <testcase classname="com.subex.rocps.automation.testcases.systemtesting.TestCase13" name="createBillProfile" time="4.712"/>
  <testcase classname="com.subex.rocps.automation.testcases.systemtesting.TestCase13" name="createEventMatchRuleGroup" time="3.346"/>
  <testcase classname="com.subex.rocps.automation.testcases.systemtesting.TestCase13" name="createBand" time="21.626"/>
  <testcase classname="com.subex.rocps.automation.testcases.systemtesting.TestCase13" name="createSwitch" time="3.245"/>
  <testcase classname="com.subex.rocps.automation.testcases.systemtesting.TestCase13" name="createAccount" time="4.178"/>
  <testcase classname="com.subex.rocps.automation.testcases.systemtesting.TestCase13" name="createRouteGroup" time="3.395"/>
</testsuite> <!-- com.subex.rocps.automation.testcases.systemtesting.TestCase13 -->
