<?xml version="1.0" encoding="UTF-8"?>
<!-- Generated by org.testng.reporters.JUnitReportReporter -->
<testsuite hostname="1923L11" failures="0" tests="1" name="com.subex.rocps.automation.testcases.functionaltesting.MyTestRoaming" time="144.018" errors="0" timestamp="17 Jul 2024 10:44:29 GMT">
  <testcase classname="com.subex.rocps.automation.testcases.functionaltesting.MyTestRoaming" name="roamingAgreementConfigCreation" time="144.018"/>
</testsuite> <!-- com.subex.rocps.automation.testcases.functionaltesting.MyTestRoaming -->
