<?xml version="1.0" encoding="UTF-8"?>
<!-- Generated by org.testng.reporters.JUnitReportReporter -->
<testsuite hostname="1923L11" failures="3" tests="34" name="com.subex.rocps.automation.testcases.systemtesting.TestCase07" time="567.692" errors="10" timestamp="18 Nov 2025 06:21:00 GMT">
  <testcase classname="com.subex.rocps.automation.testcases.systemtesting.TestCase07" name="createTariffClass" time="3.455"/>
  <testcase classname="com.subex.rocps.automation.testcases.systemtesting.TestCase07" name="createSwitch" time="3.783"/>
  <testcase classname="com.subex.rocps.automation.testcases.systemtesting.TestCase07" name="createEventMatchRuleGroup" time="15.839"/>
  <testcase classname="com.subex.rocps.automation.testcases.systemtesting.TestCase07" name="createEventIdentifierDefn" time="3.540"/>
  <testcase classname="com.subex.rocps.automation.testcases.systemtesting.TestCase07" name="createRouteGroup" time="0.000">
    <error message="Method TestCase07.createRouteGroup()[pri:9, instance:com.subex.rocps.automation.testcases.systemtesting.TestCase07@2fd953a6] depends on not successfully finished methods" type="java.lang.Throwable">
      <![CDATA[java.lang.Throwable: Method TestCase07.createRouteGroup()[pri:9, instance:com.subex.rocps.automation.testcases.systemtesting.TestCase07@2fd953a6] depends on not successfully finished methods
	at org.testng.internal.Invoker.invokeTestMethods(Invoker.java:1037)
	at org.testng.internal.TestMethodWorker.invokeTestMethods(TestMethodWorker.java:129)
	at org.testng.internal.TestMethodWorker.run(TestMethodWorker.java:112)
	at org.testng.TestRunner.privateRun(TestRunner.java:782)
	at org.testng.TestRunner.run(TestRunner.java:632)
	at org.testng.SuiteRunner.runTest(SuiteRunner.java:366)
	at org.testng.SuiteRunner.runSequentially(SuiteRunner.java:361)
	at org.testng.SuiteRunner.privateRun(SuiteRunner.java:319)
	at org.testng.SuiteRunner.run(SuiteRunner.java:268)
	at org.testng.SuiteRunnerWorker.runSuite(SuiteRunnerWorker.java:52)
	at org.testng.SuiteRunnerWorker.run(SuiteRunnerWorker.java:86)
	at org.testng.TestNG.runSuitesSequentially(TestNG.java:1244)
	at org.testng.TestNG.runSuitesLocally(TestNG.java:1169)
	at org.testng.TestNG.run(TestNG.java:1064)
	at org.testng.remote.AbstractRemoteTestNG.run(AbstractRemoteTestNG.java:115)
	at org.testng.remote.RemoteTestNG.initAndRun(RemoteTestNG.java:293)
	at org.testng.remote.RemoteTestNG.main(RemoteTestNG.java:91)
]]>
    </error>
  </testcase> <!-- createRouteGroup -->
  <testcase classname="com.subex.rocps.automation.testcases.systemtesting.TestCase07" name="createOperator" time="12.353"/>
  <testcase classname="com.subex.rocps.automation.testcases.systemtesting.TestCase07" name="scheduleFileCollection" time="44.622"/>
  <testcase classname="com.subex.rocps.automation.testcases.systemtesting.TestCase07" name="verifyAggregationResult" time="49.485"/>
  <testcase classname="com.subex.rocps.automation.testcases.systemtesting.TestCase07" name="verifyAggregationResult" time="0.000">
    <error message="Method TestCase07.verifyAggregationResult()[pri:16, instance:com.subex.rocps.automation.testcases.systemtesting.TestCase07@2fd953a6] depends on not successfully finished methods" type="java.lang.Throwable">
      <![CDATA[java.lang.Throwable: Method TestCase07.verifyAggregationResult()[pri:16, instance:com.subex.rocps.automation.testcases.systemtesting.TestCase07@2fd953a6] depends on not successfully finished methods
	at org.testng.internal.Invoker.invokeTestMethods(Invoker.java:1037)
	at org.testng.internal.TestMethodWorker.invokeTestMethods(TestMethodWorker.java:129)
	at org.testng.internal.TestMethodWorker.run(TestMethodWorker.java:112)
	at org.testng.TestRunner.privateRun(TestRunner.java:782)
	at org.testng.TestRunner.run(TestRunner.java:632)
	at org.testng.SuiteRunner.runTest(SuiteRunner.java:366)
	at org.testng.SuiteRunner.runSequentially(SuiteRunner.java:361)
	at org.testng.SuiteRunner.privateRun(SuiteRunner.java:319)
	at org.testng.SuiteRunner.run(SuiteRunner.java:268)
	at org.testng.SuiteRunnerWorker.runSuite(SuiteRunnerWorker.java:52)
	at org.testng.SuiteRunnerWorker.run(SuiteRunnerWorker.java:86)
	at org.testng.TestNG.runSuitesSequentially(TestNG.java:1244)
	at org.testng.TestNG.runSuitesLocally(TestNG.java:1169)
	at org.testng.TestNG.run(TestNG.java:1064)
	at org.testng.remote.AbstractRemoteTestNG.run(AbstractRemoteTestNG.java:115)
	at org.testng.remote.RemoteTestNG.initAndRun(RemoteTestNG.java:293)
	at org.testng.remote.RemoteTestNG.main(RemoteTestNG.java:91)
]]>
    </error>
  </testcase> <!-- verifyAggregationResult -->
  <testcase classname="com.subex.rocps.automation.testcases.systemtesting.TestCase07" name="createOperator" time="0.000">
    <error message="Method TestCase07.createOperator()[pri:7, instance:com.subex.rocps.automation.testcases.systemtesting.TestCase07@2fd953a6] depends on not successfully finished methods" type="java.lang.Throwable">
      <![CDATA[java.lang.Throwable: Method TestCase07.createOperator()[pri:7, instance:com.subex.rocps.automation.testcases.systemtesting.TestCase07@2fd953a6] depends on not successfully finished methods
	at org.testng.internal.Invoker.invokeTestMethods(Invoker.java:1037)
	at org.testng.internal.TestMethodWorker.invokeTestMethods(TestMethodWorker.java:129)
	at org.testng.internal.TestMethodWorker.run(TestMethodWorker.java:112)
	at org.testng.TestRunner.privateRun(TestRunner.java:782)
	at org.testng.TestRunner.run(TestRunner.java:632)
	at org.testng.SuiteRunner.runTest(SuiteRunner.java:366)
	at org.testng.SuiteRunner.runSequentially(SuiteRunner.java:361)
	at org.testng.SuiteRunner.privateRun(SuiteRunner.java:319)
	at org.testng.SuiteRunner.run(SuiteRunner.java:268)
	at org.testng.SuiteRunnerWorker.runSuite(SuiteRunnerWorker.java:52)
	at org.testng.SuiteRunnerWorker.run(SuiteRunnerWorker.java:86)
	at org.testng.TestNG.runSuitesSequentially(TestNG.java:1244)
	at org.testng.TestNG.runSuitesLocally(TestNG.java:1169)
	at org.testng.TestNG.run(TestNG.java:1064)
	at org.testng.remote.AbstractRemoteTestNG.run(AbstractRemoteTestNG.java:115)
	at org.testng.remote.RemoteTestNG.initAndRun(RemoteTestNG.java:293)
	at org.testng.remote.RemoteTestNG.main(RemoteTestNG.java:91)
]]>
    </error>
  </testcase> <!-- createOperator -->
  <testcase classname="com.subex.rocps.automation.testcases.systemtesting.TestCase07" name="createTariff" time="19.046"/>
  <testcase classname="com.subex.rocps.automation.testcases.systemtesting.TestCase07" name="createAccount" time="29.464"/>
  <testcase classname="com.subex.rocps.automation.testcases.systemtesting.TestCase07" name="createRoute" time="0.000">
    <error message="Method TestCase07.createRoute()[pri:10, instance:com.subex.rocps.automation.testcases.systemtesting.TestCase07@2fd953a6] depends on not successfully finished methods" type="java.lang.Throwable">
      <![CDATA[java.lang.Throwable: Method TestCase07.createRoute()[pri:10, instance:com.subex.rocps.automation.testcases.systemtesting.TestCase07@2fd953a6] depends on not successfully finished methods
	at org.testng.internal.Invoker.invokeTestMethods(Invoker.java:1037)
	at org.testng.internal.TestMethodWorker.invokeTestMethods(TestMethodWorker.java:129)
	at org.testng.internal.TestMethodWorker.run(TestMethodWorker.java:112)
	at org.testng.TestRunner.privateRun(TestRunner.java:782)
	at org.testng.TestRunner.run(TestRunner.java:632)
	at org.testng.SuiteRunner.runTest(SuiteRunner.java:366)
	at org.testng.SuiteRunner.runSequentially(SuiteRunner.java:361)
	at org.testng.SuiteRunner.privateRun(SuiteRunner.java:319)
	at org.testng.SuiteRunner.run(SuiteRunner.java:268)
	at org.testng.SuiteRunnerWorker.runSuite(SuiteRunnerWorker.java:52)
	at org.testng.SuiteRunnerWorker.run(SuiteRunnerWorker.java:86)
	at org.testng.TestNG.runSuitesSequentially(TestNG.java:1244)
	at org.testng.TestNG.runSuitesLocally(TestNG.java:1169)
	at org.testng.TestNG.run(TestNG.java:1064)
	at org.testng.remote.AbstractRemoteTestNG.run(AbstractRemoteTestNG.java:115)
	at org.testng.remote.RemoteTestNG.initAndRun(RemoteTestNG.java:293)
	at org.testng.remote.RemoteTestNG.main(RemoteTestNG.java:91)
]]>
    </error>
  </testcase> <!-- createRoute -->
  <testcase classname="com.subex.rocps.automation.testcases.systemtesting.TestCase07" name="createBillProfile" time="91.533"/>
  <testcase classname="com.subex.rocps.automation.testcases.systemtesting.TestCase07" name="createRouteGroup" time="7.786"/>
  <testcase classname="com.subex.rocps.automation.testcases.systemtesting.TestCase07" name="createBand" time="21.331"/>
  <testcase classname="com.subex.rocps.automation.testcases.systemtesting.TestCase07" name="createAccount" time="25.230">
    <failure message="Text box &#039;paciName&#039; is not found." type="java.lang.AssertionError">
      <![CDATA[java.lang.AssertionError: Text box 'paciName' is not found.
	at org.testng.Assert.fail(Assert.java:94)
	at com.subex.automation.helpers.util.FailureHelper.failTest(FailureHelper.java:39)
	at com.subex.automation.helpers.component.TextBoxHelper.type(TextBoxHelper.java:101)
	at com.subex.rocps.automation.helpers.application.partnerConfiguration.account.AccountDetailImpl.contactDetails(AccountDetailImpl.java:366)
	at com.subex.rocps.automation.helpers.application.partnerConfiguration.Account.ContactInformation(Account.java:147)
	at com.subex.rocps.automation.helpers.application.partnerConfiguration.Account.accountCreation(Account.java:122)
	at com.subex.rocps.automation.testcases.systemtesting.TestCase07.createAccount(TestCase07.java:98)
	at java.base/jdk.internal.reflect.DirectMethodHandleAccessor.invoke(DirectMethodHandleAccessor.java:104)
	at java.base/java.lang.reflect.Method.invoke(Method.java:578)
	at org.testng.internal.MethodInvocationHelper.invokeMethod(MethodInvocationHelper.java:86)
	at org.testng.internal.Invoker.invokeMethod(Invoker.java:643)
	at org.testng.internal.Invoker.invokeTestMethod(Invoker.java:820)
	at org.testng.internal.Invoker.invokeTestMethods(Invoker.java:1128)
	at org.testng.internal.TestMethodWorker.invokeTestMethods(TestMethodWorker.java:129)
	at org.testng.internal.TestMethodWorker.run(TestMethodWorker.java:112)
	at org.testng.TestRunner.privateRun(TestRunner.java:782)
	at org.testng.TestRunner.run(TestRunner.java:632)
	at org.testng.SuiteRunner.runTest(SuiteRunner.java:366)
	at org.testng.SuiteRunner.runSequentially(SuiteRunner.java:361)
	at org.testng.SuiteRunner.privateRun(SuiteRunner.java:319)
	at org.testng.SuiteRunner.run(SuiteRunner.java:268)
	at org.testng.SuiteRunnerWorker.runSuite(SuiteRunnerWorker.java:52)
	at org.testng.SuiteRunnerWorker.run(SuiteRunnerWorker.java:86)
	at org.testng.TestNG.runSuitesSequentially(TestNG.java:1244)
	at org.testng.TestNG.runSuitesLocally(TestNG.java:1169)
	at org.testng.TestNG.run(TestNG.java:1064)
	at org.testng.remote.AbstractRemoteTestNG.run(AbstractRemoteTestNG.java:115)
	at org.testng.remote.RemoteTestNG.initAndRun(RemoteTestNG.java:293)
	at org.testng.remote.RemoteTestNG.main(RemoteTestNG.java:91)
]]>
    </failure>
  </testcase> <!-- createAccount -->
  <testcase classname="com.subex.rocps.automation.testcases.systemtesting.TestCase07" name="createBillProfile" time="0.000">
    <error message="Method TestCase07.createBillProfile()[pri:12, instance:com.subex.rocps.automation.testcases.systemtesting.TestCase07@2fd953a6] depends on not successfully finished methods" type="java.lang.Throwable">
      <![CDATA[java.lang.Throwable: Method TestCase07.createBillProfile()[pri:12, instance:com.subex.rocps.automation.testcases.systemtesting.TestCase07@2fd953a6] depends on not successfully finished methods
	at org.testng.internal.Invoker.invokeTestMethods(Invoker.java:1037)
	at org.testng.internal.TestMethodWorker.invokeTestMethods(TestMethodWorker.java:129)
	at org.testng.internal.TestMethodWorker.run(TestMethodWorker.java:112)
	at org.testng.TestRunner.privateRun(TestRunner.java:782)
	at org.testng.TestRunner.run(TestRunner.java:632)
	at org.testng.SuiteRunner.runTest(SuiteRunner.java:366)
	at org.testng.SuiteRunner.runSequentially(SuiteRunner.java:361)
	at org.testng.SuiteRunner.privateRun(SuiteRunner.java:319)
	at org.testng.SuiteRunner.run(SuiteRunner.java:268)
	at org.testng.SuiteRunnerWorker.runSuite(SuiteRunnerWorker.java:52)
	at org.testng.SuiteRunnerWorker.run(SuiteRunnerWorker.java:86)
	at org.testng.TestNG.runSuitesSequentially(TestNG.java:1244)
	at org.testng.TestNG.runSuitesLocally(TestNG.java:1169)
	at org.testng.TestNG.run(TestNG.java:1064)
	at org.testng.remote.AbstractRemoteTestNG.run(AbstractRemoteTestNG.java:115)
	at org.testng.remote.RemoteTestNG.initAndRun(RemoteTestNG.java:293)
	at org.testng.remote.RemoteTestNG.main(RemoteTestNG.java:91)
]]>
    </error>
  </testcase> <!-- createBillProfile -->
  <testcase classname="com.subex.rocps.automation.testcases.systemtesting.TestCase07" name="createEventMatchRuleGroup" time="0.000">
    <error message="Method TestCase07.createEventMatchRuleGroup()[pri:11, instance:com.subex.rocps.automation.testcases.systemtesting.TestCase07@2fd953a6] depends on not successfully finished methods" type="java.lang.Throwable">
      <![CDATA[java.lang.Throwable: Method TestCase07.createEventMatchRuleGroup()[pri:11, instance:com.subex.rocps.automation.testcases.systemtesting.TestCase07@2fd953a6] depends on not successfully finished methods
	at org.testng.internal.Invoker.invokeTestMethods(Invoker.java:1037)
	at org.testng.internal.TestMethodWorker.invokeTestMethods(TestMethodWorker.java:129)
	at org.testng.internal.TestMethodWorker.run(TestMethodWorker.java:112)
	at org.testng.TestRunner.privateRun(TestRunner.java:782)
	at org.testng.TestRunner.run(TestRunner.java:632)
	at org.testng.SuiteRunner.runTest(SuiteRunner.java:366)
	at org.testng.SuiteRunner.runSequentially(SuiteRunner.java:361)
	at org.testng.SuiteRunner.privateRun(SuiteRunner.java:319)
	at org.testng.SuiteRunner.run(SuiteRunner.java:268)
	at org.testng.SuiteRunnerWorker.runSuite(SuiteRunnerWorker.java:52)
	at org.testng.SuiteRunnerWorker.run(SuiteRunnerWorker.java:86)
	at org.testng.TestNG.runSuitesSequentially(TestNG.java:1244)
	at org.testng.TestNG.runSuitesLocally(TestNG.java:1169)
	at org.testng.TestNG.run(TestNG.java:1064)
	at org.testng.remote.AbstractRemoteTestNG.run(AbstractRemoteTestNG.java:115)
	at org.testng.remote.RemoteTestNG.initAndRun(RemoteTestNG.java:293)
	at org.testng.remote.RemoteTestNG.main(RemoteTestNG.java:91)
]]>
    </error>
  </testcase> <!-- createEventMatchRuleGroup -->
  <testcase classname="com.subex.rocps.automation.testcases.systemtesting.TestCase07" name="createTariff" time="19.353"/>
  <testcase classname="com.subex.rocps.automation.testcases.systemtesting.TestCase07" name="createElement" time="20.642"/>
  <testcase classname="com.subex.rocps.automation.testcases.systemtesting.TestCase07" name="createTariffClass" time="3.584"/>
  <testcase classname="com.subex.rocps.automation.testcases.systemtesting.TestCase07" name="createEventMatchRule" time="72.312"/>
  <testcase classname="com.subex.rocps.automation.testcases.systemtesting.TestCase07" name="scheduleFileCollection" time="0.000">
    <error message="Method TestCase07.scheduleFileCollection()[pri:14, instance:com.subex.rocps.automation.testcases.systemtesting.TestCase07@2fd953a6] depends on not successfully finished methods" type="java.lang.Throwable">
      <![CDATA[java.lang.Throwable: Method TestCase07.scheduleFileCollection()[pri:14, instance:com.subex.rocps.automation.testcases.systemtesting.TestCase07@2fd953a6] depends on not successfully finished methods
	at org.testng.internal.Invoker.invokeTestMethods(Invoker.java:1037)
	at org.testng.internal.TestMethodWorker.invokeTestMethods(TestMethodWorker.java:129)
	at org.testng.internal.TestMethodWorker.run(TestMethodWorker.java:112)
	at org.testng.TestRunner.privateRun(TestRunner.java:782)
	at org.testng.TestRunner.run(TestRunner.java:632)
	at org.testng.SuiteRunner.runTest(SuiteRunner.java:366)
	at org.testng.SuiteRunner.runSequentially(SuiteRunner.java:361)
	at org.testng.SuiteRunner.privateRun(SuiteRunner.java:319)
	at org.testng.SuiteRunner.run(SuiteRunner.java:268)
	at org.testng.SuiteRunnerWorker.runSuite(SuiteRunnerWorker.java:52)
	at org.testng.SuiteRunnerWorker.run(SuiteRunnerWorker.java:86)
	at org.testng.TestNG.runSuitesSequentially(TestNG.java:1244)
	at org.testng.TestNG.runSuitesLocally(TestNG.java:1169)
	at org.testng.TestNG.run(TestNG.java:1064)
	at org.testng.remote.AbstractRemoteTestNG.run(AbstractRemoteTestNG.java:115)
	at org.testng.remote.RemoteTestNG.initAndRun(RemoteTestNG.java:293)
	at org.testng.remote.RemoteTestNG.main(RemoteTestNG.java:91)
]]>
    </error>
  </testcase> <!-- scheduleFileCollection -->
  <testcase classname="com.subex.rocps.automation.testcases.systemtesting.TestCase07" name="createRoute" time="34.193"/>
  <testcase classname="com.subex.rocps.automation.testcases.systemtesting.TestCase07" name="createElement" time="17.642"/>
  <testcase classname="com.subex.rocps.automation.testcases.systemtesting.TestCase07" name="recurringtasks" time="0.000">
    <error message="Method TestCase07.recurringtasks()[pri:15, instance:com.subex.rocps.automation.testcases.systemtesting.TestCase07@2fd953a6] depends on not successfully finished methods" type="java.lang.Throwable">
      <![CDATA[java.lang.Throwable: Method TestCase07.recurringtasks()[pri:15, instance:com.subex.rocps.automation.testcases.systemtesting.TestCase07@2fd953a6] depends on not successfully finished methods
	at org.testng.internal.Invoker.invokeTestMethods(Invoker.java:1037)
	at org.testng.internal.TestMethodWorker.invokeTestMethods(TestMethodWorker.java:129)
	at org.testng.internal.TestMethodWorker.run(TestMethodWorker.java:112)
	at org.testng.TestRunner.privateRun(TestRunner.java:782)
	at org.testng.TestRunner.run(TestRunner.java:632)
	at org.testng.SuiteRunner.runTest(SuiteRunner.java:366)
	at org.testng.SuiteRunner.runSequentially(SuiteRunner.java:361)
	at org.testng.SuiteRunner.privateRun(SuiteRunner.java:319)
	at org.testng.SuiteRunner.run(SuiteRunner.java:268)
	at org.testng.SuiteRunnerWorker.runSuite(SuiteRunnerWorker.java:52)
	at org.testng.SuiteRunnerWorker.run(SuiteRunnerWorker.java:86)
	at org.testng.TestNG.runSuitesSequentially(TestNG.java:1244)
	at org.testng.TestNG.runSuitesLocally(TestNG.java:1169)
	at org.testng.TestNG.run(TestNG.java:1064)
	at org.testng.remote.AbstractRemoteTestNG.run(AbstractRemoteTestNG.java:115)
	at org.testng.remote.RemoteTestNG.initAndRun(RemoteTestNG.java:293)
	at org.testng.remote.RemoteTestNG.main(RemoteTestNG.java:91)
]]>
    </error>
  </testcase> <!-- recurringtasks -->
  <testcase classname="com.subex.rocps.automation.testcases.systemtesting.TestCase07" name="recurringtasks" time="46.231"/>
  <testcase classname="com.subex.rocps.automation.testcases.systemtesting.TestCase07" name="createAccount" time="0.916">
    <failure message="Text box &#039;//table[@id=&#039;-searchBox1&#039;]//input[@type=&#039;text&#039;]&#039; is not found." type="java.lang.AssertionError">
      <![CDATA[java.lang.AssertionError: Text box '//table[@id='-searchBox1']//input[@type='text']' is not found.
	at org.testng.Assert.fail(Assert.java:94)
	at com.subex.automation.helpers.util.FailureHelper.failTest(FailureHelper.java:39)
	at com.subex.automation.helpers.component.TextBoxHelper.type(TextBoxHelper.java:101)
	at com.subex.automation.helpers.application.NavigationMenuHelper.navigationMenu(NavigationMenuHelper.java:57)
	at com.subex.automation.helpers.application.NavigationHelper.navigateToScreen(NavigationHelper.java:51)
	at com.subex.rocps.automation.helpers.application.partnerConfiguration.Account.accountCreation(Account.java:99)
	at com.subex.rocps.automation.testcases.systemtesting.TestCase07.createAccount(TestCase07.java:98)
	at java.base/jdk.internal.reflect.DirectMethodHandleAccessor.invoke(DirectMethodHandleAccessor.java:104)
	at java.base/java.lang.reflect.Method.invoke(Method.java:578)
	at org.testng.internal.MethodInvocationHelper.invokeMethod(MethodInvocationHelper.java:86)
	at org.testng.internal.Invoker.invokeMethod(Invoker.java:643)
	at org.testng.internal.Invoker.retryFailed(Invoker.java:967)
	at org.testng.internal.Invoker.invokeTestMethods(Invoker.java:1146)
	at org.testng.internal.TestMethodWorker.invokeTestMethods(TestMethodWorker.java:129)
	at org.testng.internal.TestMethodWorker.run(TestMethodWorker.java:112)
	at org.testng.TestRunner.privateRun(TestRunner.java:782)
	at org.testng.TestRunner.run(TestRunner.java:632)
	at org.testng.SuiteRunner.runTest(SuiteRunner.java:366)
	at org.testng.SuiteRunner.runSequentially(SuiteRunner.java:361)
	at org.testng.SuiteRunner.privateRun(SuiteRunner.java:319)
	at org.testng.SuiteRunner.run(SuiteRunner.java:268)
	at org.testng.SuiteRunnerWorker.runSuite(SuiteRunnerWorker.java:52)
	at org.testng.SuiteRunnerWorker.run(SuiteRunnerWorker.java:86)
	at org.testng.TestNG.runSuitesSequentially(TestNG.java:1244)
	at org.testng.TestNG.runSuitesLocally(TestNG.java:1169)
	at org.testng.TestNG.run(TestNG.java:1064)
	at org.testng.remote.AbstractRemoteTestNG.run(AbstractRemoteTestNG.java:115)
	at org.testng.remote.RemoteTestNG.initAndRun(RemoteTestNG.java:293)
	at org.testng.remote.RemoteTestNG.main(RemoteTestNG.java:91)
]]>
    </failure>
  </testcase> <!-- createAccount -->
  <testcase classname="com.subex.rocps.automation.testcases.systemtesting.TestCase07" name="createBand" time="21.092"/>
  <testcase classname="com.subex.rocps.automation.testcases.systemtesting.TestCase07" name="createEventIdentifierDefn" time="3.187"/>
  <testcase classname="com.subex.rocps.automation.testcases.systemtesting.TestCase07" name="createEventMatchRule" time="0.000">
    <error message="Method TestCase07.createEventMatchRule()[pri:13, instance:com.subex.rocps.automation.testcases.systemtesting.TestCase07@2fd953a6] depends on not successfully finished methods" type="java.lang.Throwable">
      <![CDATA[java.lang.Throwable: Method TestCase07.createEventMatchRule()[pri:13, instance:com.subex.rocps.automation.testcases.systemtesting.TestCase07@2fd953a6] depends on not successfully finished methods
	at org.testng.internal.Invoker.invokeTestMethods(Invoker.java:1037)
	at org.testng.internal.TestMethodWorker.invokeTestMethods(TestMethodWorker.java:129)
	at org.testng.internal.TestMethodWorker.run(TestMethodWorker.java:112)
	at org.testng.TestRunner.privateRun(TestRunner.java:782)
	at org.testng.TestRunner.run(TestRunner.java:632)
	at org.testng.SuiteRunner.runTest(SuiteRunner.java:366)
	at org.testng.SuiteRunner.runSequentially(SuiteRunner.java:361)
	at org.testng.SuiteRunner.privateRun(SuiteRunner.java:319)
	at org.testng.SuiteRunner.run(SuiteRunner.java:268)
	at org.testng.SuiteRunnerWorker.runSuite(SuiteRunnerWorker.java:52)
	at org.testng.SuiteRunnerWorker.run(SuiteRunnerWorker.java:86)
	at org.testng.TestNG.runSuitesSequentially(TestNG.java:1244)
	at org.testng.TestNG.runSuitesLocally(TestNG.java:1169)
	at org.testng.TestNG.run(TestNG.java:1064)
	at org.testng.remote.AbstractRemoteTestNG.run(AbstractRemoteTestNG.java:115)
	at org.testng.remote.RemoteTestNG.initAndRun(RemoteTestNG.java:293)
	at org.testng.remote.RemoteTestNG.main(RemoteTestNG.java:91)
]]>
    </error>
  </testcase> <!-- createEventMatchRule -->
  <testcase classname="com.subex.rocps.automation.testcases.systemtesting.TestCase07" name="createSwitch" time="0.000">
    <error message="Method TestCase07.createSwitch()[pri:8, instance:com.subex.rocps.automation.testcases.systemtesting.TestCase07@2fd953a6] depends on not successfully finished methods" type="java.lang.Throwable">
      <![CDATA[java.lang.Throwable: Method TestCase07.createSwitch()[pri:8, instance:com.subex.rocps.automation.testcases.systemtesting.TestCase07@2fd953a6] depends on not successfully finished methods
	at org.testng.internal.Invoker.invokeTestMethods(Invoker.java:1037)
	at org.testng.internal.TestMethodWorker.invokeTestMethods(TestMethodWorker.java:129)
	at org.testng.internal.TestMethodWorker.run(TestMethodWorker.java:112)
	at org.testng.TestRunner.privateRun(TestRunner.java:782)
	at org.testng.TestRunner.run(TestRunner.java:632)
	at org.testng.SuiteRunner.runTest(SuiteRunner.java:366)
	at org.testng.SuiteRunner.runSequentially(SuiteRunner.java:361)
	at org.testng.SuiteRunner.privateRun(SuiteRunner.java:319)
	at org.testng.SuiteRunner.run(SuiteRunner.java:268)
	at org.testng.SuiteRunnerWorker.runSuite(SuiteRunnerWorker.java:52)
	at org.testng.SuiteRunnerWorker.run(SuiteRunnerWorker.java:86)
	at org.testng.TestNG.runSuitesSequentially(TestNG.java:1244)
	at org.testng.TestNG.runSuitesLocally(TestNG.java:1169)
	at org.testng.TestNG.run(TestNG.java:1064)
	at org.testng.remote.AbstractRemoteTestNG.run(AbstractRemoteTestNG.java:115)
	at org.testng.remote.RemoteTestNG.initAndRun(RemoteTestNG.java:293)
	at org.testng.remote.RemoteTestNG.main(RemoteTestNG.java:91)
]]>
    </error>
  </testcase> <!-- createSwitch -->
  <testcase classname="com.subex.rocps.automation.testcases.systemtesting.TestCase07" name="createAccount" time="1.073">
    <failure message="Text box &#039;//table[@id=&#039;-searchBox1&#039;]//input[@type=&#039;text&#039;]&#039; is not found." type="java.lang.AssertionError">
      <![CDATA[java.lang.AssertionError: Text box '//table[@id='-searchBox1']//input[@type='text']' is not found.
	at org.testng.Assert.fail(Assert.java:94)
	at com.subex.automation.helpers.util.FailureHelper.failTest(FailureHelper.java:39)
	at com.subex.automation.helpers.component.TextBoxHelper.type(TextBoxHelper.java:101)
	at com.subex.automation.helpers.application.NavigationMenuHelper.navigationMenu(NavigationMenuHelper.java:57)
	at com.subex.automation.helpers.application.NavigationHelper.navigateToScreen(NavigationHelper.java:51)
	at com.subex.rocps.automation.helpers.application.partnerConfiguration.Account.accountCreation(Account.java:99)
	at com.subex.rocps.automation.testcases.systemtesting.TestCase07.createAccount(TestCase07.java:98)
	at java.base/jdk.internal.reflect.DirectMethodHandleAccessor.invoke(DirectMethodHandleAccessor.java:104)
	at java.base/java.lang.reflect.Method.invoke(Method.java:578)
	at org.testng.internal.MethodInvocationHelper.invokeMethod(MethodInvocationHelper.java:86)
	at org.testng.internal.Invoker.invokeMethod(Invoker.java:643)
	at org.testng.internal.Invoker.retryFailed(Invoker.java:967)
	at org.testng.internal.Invoker.invokeTestMethods(Invoker.java:1146)
	at org.testng.internal.TestMethodWorker.invokeTestMethods(TestMethodWorker.java:129)
	at org.testng.internal.TestMethodWorker.run(TestMethodWorker.java:112)
	at org.testng.TestRunner.privateRun(TestRunner.java:782)
	at org.testng.TestRunner.run(TestRunner.java:632)
	at org.testng.SuiteRunner.runTest(SuiteRunner.java:366)
	at org.testng.SuiteRunner.runSequentially(SuiteRunner.java:361)
	at org.testng.SuiteRunner.privateRun(SuiteRunner.java:319)
	at org.testng.SuiteRunner.run(SuiteRunner.java:268)
	at org.testng.SuiteRunnerWorker.runSuite(SuiteRunnerWorker.java:52)
	at org.testng.SuiteRunnerWorker.run(SuiteRunnerWorker.java:86)
	at org.testng.TestNG.runSuitesSequentially(TestNG.java:1244)
	at org.testng.TestNG.runSuitesLocally(TestNG.java:1169)
	at org.testng.TestNG.run(TestNG.java:1064)
	at org.testng.remote.AbstractRemoteTestNG.run(AbstractRemoteTestNG.java:115)
	at org.testng.remote.RemoteTestNG.initAndRun(RemoteTestNG.java:293)
	at org.testng.remote.RemoteTestNG.main(RemoteTestNG.java:91)
]]>
    </failure>
  </testcase> <!-- createAccount -->
</testsuite> <!-- com.subex.rocps.automation.testcases.systemtesting.TestCase07 -->
