<?xml version="1.0" encoding="UTF-8"?>
<!-- Generated by org.testng.reporters.JUnitReportReporter -->
<testsuite hostname="1923L11" failures="0" tests="13" name="com.subex.rocps.automation.testcases.systemtesting.BillPreRequisites" time="211.321" errors="0" timestamp="13 Nov 2025 07:14:21 GMT">
  <testcase classname="com.subex.rocps.automation.testcases.systemtesting.BillPreRequisites" name="createBillBreakdownInputGrp" time="6.268"/>
  <testcase classname="com.subex.rocps.automation.testcases.systemtesting.BillPreRequisites" name="createCrossFXRate" time="42.789"/>
  <testcase classname="com.subex.rocps.automation.testcases.systemtesting.BillPreRequisites" name="createBillPackage" time="7.961"/>
  <testcase classname="com.subex.rocps.automation.testcases.systemtesting.BillPreRequisites" name="createBillingstream" time="24.382"/>
  <testcase classname="com.subex.rocps.automation.testcases.systemtesting.BillPreRequisites" name="createSalesTaxRateGroup" time="39.592"/>
  <testcase classname="com.subex.rocps.automation.testcases.systemtesting.BillPreRequisites" name="createSalesTax" time="22.752"/>
  <testcase classname="com.subex.rocps.automation.testcases.systemtesting.BillPreRequisites" name="createBillBreakdownExtraField" time="7.211"/>
  <testcase classname="com.subex.rocps.automation.testcases.systemtesting.BillPreRequisites" name="createCrossFXRateGroup" time="6.827"/>
  <testcase classname="com.subex.rocps.automation.testcases.systemtesting.BillPreRequisites" name="createBillBreakdownOutputGrp" time="5.824"/>
  <testcase classname="com.subex.rocps.automation.testcases.systemtesting.BillPreRequisites" name="createBillBreakdownConfig" time="11.311"/>
  <testcase classname="com.subex.rocps.automation.testcases.systemtesting.BillPreRequisites" name="createBillBreakdownOutput" time="5.630"/>
  <testcase classname="com.subex.rocps.automation.testcases.systemtesting.BillPreRequisites" name="createSalesTaxRate" time="24.373"/>
  <testcase classname="com.subex.rocps.automation.testcases.systemtesting.BillPreRequisites" name="createBillBreakdownInput" time="6.401"/>
</testsuite> <!-- com.subex.rocps.automation.testcases.systemtesting.BillPreRequisites -->
