<?xml version="1.0" encoding="UTF-8"?>
<!-- Generated by org.testng.reporters.JUnitReportReporter -->
<testsuite hostname="1923L11" failures="1" tests="2" name="com.subex.rocps.automation.testcases.systemtesting.TestCase01" time="80.755" errors="0" timestamp="17 Nov 2025 11:37:20 GMT">
  <testcase classname="com.subex.rocps.automation.testcases.systemtesting.TestCase01" name="verifyAggregationResult" time="41.254">
    <failure message="Calendar &#039;options&#039; not found." type="java.lang.AssertionError">
      <![CDATA[java.lang.AssertionError: Calendar 'options' not found.
	at org.testng.Assert.fail(Assert.java:94)
	at com.subex.automation.helpers.util.FailureHelper.failTest(FailureHelper.java:39)
	at com.subex.automation.helpers.component.CalendarHelper.setBetweenDate(CalendarHelper.java:288)
	at com.subex.automation.helpers.component.CalendarHelper.setDate(CalendarHelper.java:491)
	at com.subex.rocps.automation.helpers.application.aggregation.aggregationresult.AggregationResultImpl.setCalendar(AggregationResultImpl.java:160)
	at com.subex.rocps.automation.helpers.application.aggregation.aggregationresult.AggregationResultImpl.aggregationFilterSearch(AggregationResultImpl.java:85)
	at com.subex.rocps.automation.helpers.application.aggregation.AggregationResult.validateResults(AggregationResult.java:176)
	at com.subex.rocps.automation.helpers.application.aggregation.AggregationResult.viewAggregationResult(AggregationResult.java:110)
	at com.subex.rocps.automation.testcases.systemtesting.TestCase01.verifyAggregationResult(TestCase01.java:137)
	at java.base/jdk.internal.reflect.DirectMethodHandleAccessor.invoke(DirectMethodHandleAccessor.java:104)
	at java.base/java.lang.reflect.Method.invoke(Method.java:578)
	at org.testng.internal.MethodInvocationHelper.invokeMethod(MethodInvocationHelper.java:86)
	at org.testng.internal.Invoker.invokeMethod(Invoker.java:643)
	at org.testng.internal.Invoker.invokeTestMethod(Invoker.java:820)
	at org.testng.internal.Invoker.invokeTestMethods(Invoker.java:1128)
	at org.testng.internal.TestMethodWorker.invokeTestMethods(TestMethodWorker.java:129)
	at org.testng.internal.TestMethodWorker.run(TestMethodWorker.java:112)
	at org.testng.TestRunner.privateRun(TestRunner.java:782)
	at org.testng.TestRunner.run(TestRunner.java:632)
	at org.testng.SuiteRunner.runTest(SuiteRunner.java:366)
	at org.testng.SuiteRunner.runSequentially(SuiteRunner.java:361)
	at org.testng.SuiteRunner.privateRun(SuiteRunner.java:319)
	at org.testng.SuiteRunner.run(SuiteRunner.java:268)
	at org.testng.SuiteRunnerWorker.runSuite(SuiteRunnerWorker.java:52)
	at org.testng.SuiteRunnerWorker.run(SuiteRunnerWorker.java:86)
	at org.testng.TestNG.runSuitesSequentially(TestNG.java:1244)
	at org.testng.TestNG.runSuitesLocally(TestNG.java:1169)
	at org.testng.TestNG.run(TestNG.java:1064)
	at org.testng.remote.AbstractRemoteTestNG.run(AbstractRemoteTestNG.java:115)
	at org.testng.remote.RemoteTestNG.initAndRun(RemoteTestNG.java:293)
	at org.testng.remote.RemoteTestNG.main(RemoteTestNG.java:91)
]]>
    </failure>
  </testcase> <!-- verifyAggregationResult -->
  <testcase classname="com.subex.rocps.automation.testcases.systemtesting.TestCase01" name="verifyAggregationResult" time="39.501"/>
</testsuite> <!-- com.subex.rocps.automation.testcases.systemtesting.TestCase01 -->
