<?xml version="1.0" encoding="UTF-8"?>
<!-- Generated by org.testng.reporters.JUnitReportReporter -->
<testsuite hostname="1923L11" failures="0" tests="17" name="com.subex.rocps.automation.testcases.systemtesting.TestCase11" time="195.227" errors="3" timestamp="18 Nov 2025 11:05:04 GMT">
  <testcase classname="com.subex.rocps.automation.testcases.systemtesting.TestCase11" name="createEventIdentifierDefn" time="3.913"/>
  <testcase classname="com.subex.rocps.automation.testcases.systemtesting.TestCase11" name="scheduleFileCollection" time="38.286">
    <error message="The element with the reference 3867774f-f124-4c30-8055-59849453f3a5 is stale; either its node document is not the active document, or it is no longer connected to the DOM
For documentation on this error, please visit: https://www.seleniumhq.org/exceptions/stale_element_reference.html
Build info: version: &#039;3.141.59&#039;, revision: &#039;e82be7d358&#039;, time: &#039;2018-11-14T08:17:03&#039;
System info: host: &#039;1923L11&#039;, ip: &#039;10.113.94.7&#039;, os.name: &#039;Windows 11&#039;, os.arch: &#039;amd64&#039;, os.version: &#039;10.0&#039;, java.version: &#039;19.0.1&#039;
Driver info: org.openqa.selenium.firefox.FirefoxDriver
Capabilities {acceptInsecureCerts: true, browserName: firefox, browserVersion: 145.0, javascriptEnabled: true, moz:accessibilityChecks: false, moz:buildID: 20251106194447, moz:geckodriverVersion: 0.36.0, moz:headless: false, moz:platformVersion: 10.0, moz:processID: 45816, moz:profile: C:\Users\RAHUL~1.MUR\AppDat..., moz:shutdownTimeout: 60000, moz:webdriverClick: true, moz:windowless: false, pageLoadStrategy: normal, platform: WINDOWS, platformName: WINDOWS, proxy: Proxy(), setWindowRect: true, strictFileInteractability: false, timeouts: {implicit: 0, pageLoad: 300000, script: 30000}, unhandledPromptBehavior: dismiss and notify, userAgent: Mozilla/5.0 (Windows NT 10....}
Session ID: 16e53be4-2c95-488d-9d8e-2594791347c0" type="org.openqa.selenium.StaleElementReferenceException">
      <![CDATA[org.openqa.selenium.StaleElementReferenceException: The element with the reference 3867774f-f124-4c30-8055-59849453f3a5 is stale; either its node document is not the active document, or it is no longer connected to the DOM
For documentation on this error, please visit: https://www.seleniumhq.org/exceptions/stale_element_reference.html
Build info: version: '3.141.59', revision: 'e82be7d358', time: '2018-11-14T08:17:03'
System info: host: '1923L11', ip: '10.113.94.7', os.name: 'Windows 11', os.arch: 'amd64', os.version: '10.0', java.version: '19.0.1'
Driver info: org.openqa.selenium.firefox.FirefoxDriver
Capabilities {acceptInsecureCerts: true, browserName: firefox, browserVersion: 145.0, javascriptEnabled: true, moz:accessibilityChecks: false, moz:buildID: 20251106194447, moz:geckodriverVersion: 0.36.0, moz:headless: false, moz:platformVersion: 10.0, moz:processID: 45816, moz:profile: C:\Users\RAHUL~1.MUR\AppDat..., moz:shutdownTimeout: 60000, moz:webdriverClick: true, moz:windowless: false, pageLoadStrategy: normal, platform: WINDOWS, platformName: WINDOWS, proxy: Proxy(), setWindowRect: true, strictFileInteractability: false, timeouts: {implicit: 0, pageLoad: 300000, script: 30000}, unhandledPromptBehavior: dismiss and notify, userAgent: Mozilla/5.0 (Windows NT 10....}
Session ID: 16e53be4-2c95-488d-9d8e-2594791347c0
	at java.base/jdk.internal.reflect.DirectConstructorHandleAccessor.newInstance(DirectConstructorHandleAccessor.java:67)
	at java.base/java.lang.reflect.Constructor.newInstanceWithCaller(Constructor.java:500)
	at java.base/java.lang.reflect.Constructor.newInstance(Constructor.java:484)
	at org.openqa.selenium.remote.http.W3CHttpResponseCodec.createException(W3CHttpResponseCodec.java:187)
	at org.openqa.selenium.remote.http.W3CHttpResponseCodec.decode(W3CHttpResponseCodec.java:122)
	at org.openqa.selenium.remote.http.W3CHttpResponseCodec.decode(W3CHttpResponseCodec.java:49)
	at org.openqa.selenium.remote.HttpCommandExecutor.execute(HttpCommandExecutor.java:158)
	at org.openqa.selenium.remote.service.DriverCommandExecutor.execute(DriverCommandExecutor.java:83)
	at org.openqa.selenium.remote.RemoteWebDriver.execute(RemoteWebDriver.java:552)
	at org.openqa.selenium.remote.RemoteWebElement.execute(RemoteWebElement.java:285)
	at org.openqa.selenium.remote.RemoteWebElement.getAttribute(RemoteWebElement.java:134)
	at com.subex.automation.helpers.componentHelpers.GridElementHelper.getColumnNumber(GridElementHelper.java:611)
	at com.subex.automation.helpers.componentHelpers.GridElementHelper.getHeaderColumn(GridElementHelper.java:705)
	at com.subex.automation.helpers.componentHelpers.GridElementHelper.getColumn(GridElementHelper.java:1137)
	at com.subex.automation.helpers.component.GridHelper.getCellValue(GridHelper.java:1245)
	at com.subex.automation.helpers.application.screens.TaskSearchHelper.verifyTaskStatus(TaskSearchHelper.java:439)
	at com.subex.automation.helpers.application.screens.TaskSearchHelper.verifyTaskStatus(TaskSearchHelper.java:414)
	at com.subex.rocps.automation.testcases.systemtesting.TestCase11.scheduleFileCollection(TestCase11.java:201)
	at java.base/jdk.internal.reflect.DirectMethodHandleAccessor.invoke(DirectMethodHandleAccessor.java:104)
	at java.base/java.lang.reflect.Method.invoke(Method.java:578)
	at org.testng.internal.MethodInvocationHelper.invokeMethod(MethodInvocationHelper.java:86)
	at org.testng.internal.Invoker.invokeMethod(Invoker.java:643)
	at org.testng.internal.Invoker.invokeTestMethod(Invoker.java:820)
	at org.testng.internal.Invoker.invokeTestMethods(Invoker.java:1128)
	at org.testng.internal.TestMethodWorker.invokeTestMethods(TestMethodWorker.java:129)
	at org.testng.internal.TestMethodWorker.run(TestMethodWorker.java:112)
	at org.testng.TestRunner.privateRun(TestRunner.java:782)
	at org.testng.TestRunner.run(TestRunner.java:632)
	at org.testng.SuiteRunner.runTest(SuiteRunner.java:366)
	at org.testng.SuiteRunner.runSequentially(SuiteRunner.java:361)
	at org.testng.SuiteRunner.privateRun(SuiteRunner.java:319)
	at org.testng.SuiteRunner.run(SuiteRunner.java:268)
	at org.testng.SuiteRunnerWorker.runSuite(SuiteRunnerWorker.java:52)
	at org.testng.SuiteRunnerWorker.run(SuiteRunnerWorker.java:86)
	at org.testng.TestNG.runSuitesSequentially(TestNG.java:1244)
	at org.testng.TestNG.runSuitesLocally(TestNG.java:1169)
	at org.testng.TestNG.run(TestNG.java:1064)
	at org.testng.remote.AbstractRemoteTestNG.run(AbstractRemoteTestNG.java:115)
	at org.testng.remote.RemoteTestNG.initAndRun(RemoteTestNG.java:293)
	at org.testng.remote.RemoteTestNG.main(RemoteTestNG.java:91)
]]>
    </error>
  </testcase> <!-- scheduleFileCollection -->
  <testcase classname="com.subex.rocps.automation.testcases.systemtesting.TestCase11" name="recurringtasks" time="0.000">
    <error message="Method TestCase11.recurringtasks()[pri:15, instance:com.subex.rocps.automation.testcases.systemtesting.TestCase11@10a9d961] depends on not successfully finished methods" type="java.lang.Throwable">
      <![CDATA[java.lang.Throwable: Method TestCase11.recurringtasks()[pri:15, instance:com.subex.rocps.automation.testcases.systemtesting.TestCase11@10a9d961] depends on not successfully finished methods
	at org.testng.internal.Invoker.invokeTestMethods(Invoker.java:1037)
	at org.testng.internal.TestMethodWorker.invokeTestMethods(TestMethodWorker.java:129)
	at org.testng.internal.TestMethodWorker.run(TestMethodWorker.java:112)
	at org.testng.TestRunner.privateRun(TestRunner.java:782)
	at org.testng.TestRunner.run(TestRunner.java:632)
	at org.testng.SuiteRunner.runTest(SuiteRunner.java:366)
	at org.testng.SuiteRunner.runSequentially(SuiteRunner.java:361)
	at org.testng.SuiteRunner.privateRun(SuiteRunner.java:319)
	at org.testng.SuiteRunner.run(SuiteRunner.java:268)
	at org.testng.SuiteRunnerWorker.runSuite(SuiteRunnerWorker.java:52)
	at org.testng.SuiteRunnerWorker.run(SuiteRunnerWorker.java:86)
	at org.testng.TestNG.runSuitesSequentially(TestNG.java:1244)
	at org.testng.TestNG.runSuitesLocally(TestNG.java:1169)
	at org.testng.TestNG.run(TestNG.java:1064)
	at org.testng.remote.AbstractRemoteTestNG.run(AbstractRemoteTestNG.java:115)
	at org.testng.remote.RemoteTestNG.initAndRun(RemoteTestNG.java:293)
	at org.testng.remote.RemoteTestNG.main(RemoteTestNG.java:91)
]]>
    </error>
  </testcase> <!-- recurringtasks -->
  <testcase classname="com.subex.rocps.automation.testcases.systemtesting.TestCase11" name="verifyAggregationResult" time="0.000">
    <error message="Method TestCase11.verifyAggregationResult()[pri:16, instance:com.subex.rocps.automation.testcases.systemtesting.TestCase11@10a9d961] depends on not successfully finished methods" type="java.lang.Throwable">
      <![CDATA[java.lang.Throwable: Method TestCase11.verifyAggregationResult()[pri:16, instance:com.subex.rocps.automation.testcases.systemtesting.TestCase11@10a9d961] depends on not successfully finished methods
	at org.testng.internal.Invoker.invokeTestMethods(Invoker.java:1037)
	at org.testng.internal.TestMethodWorker.invokeTestMethods(TestMethodWorker.java:129)
	at org.testng.internal.TestMethodWorker.run(TestMethodWorker.java:112)
	at org.testng.TestRunner.privateRun(TestRunner.java:782)
	at org.testng.TestRunner.run(TestRunner.java:632)
	at org.testng.SuiteRunner.runTest(SuiteRunner.java:366)
	at org.testng.SuiteRunner.runSequentially(SuiteRunner.java:361)
	at org.testng.SuiteRunner.privateRun(SuiteRunner.java:319)
	at org.testng.SuiteRunner.run(SuiteRunner.java:268)
	at org.testng.SuiteRunnerWorker.runSuite(SuiteRunnerWorker.java:52)
	at org.testng.SuiteRunnerWorker.run(SuiteRunnerWorker.java:86)
	at org.testng.TestNG.runSuitesSequentially(TestNG.java:1244)
	at org.testng.TestNG.runSuitesLocally(TestNG.java:1169)
	at org.testng.TestNG.run(TestNG.java:1064)
	at org.testng.remote.AbstractRemoteTestNG.run(AbstractRemoteTestNG.java:115)
	at org.testng.remote.RemoteTestNG.initAndRun(RemoteTestNG.java:293)
	at org.testng.remote.RemoteTestNG.main(RemoteTestNG.java:91)
]]>
    </error>
  </testcase> <!-- verifyAggregationResult -->
  <testcase classname="com.subex.rocps.automation.testcases.systemtesting.TestCase11" name="scheduleFileCollection" time="47.806"/>
  <testcase classname="com.subex.rocps.automation.testcases.systemtesting.TestCase11" name="createAccount" time="4.412"/>
  <testcase classname="com.subex.rocps.automation.testcases.systemtesting.TestCase11" name="createElement" time="21.647"/>
  <testcase classname="com.subex.rocps.automation.testcases.systemtesting.TestCase11" name="createBillProfile" time="5.831"/>
  <testcase classname="com.subex.rocps.automation.testcases.systemtesting.TestCase11" name="createRouteGroup" time="3.680"/>
  <testcase classname="com.subex.rocps.automation.testcases.systemtesting.TestCase11" name="createTariffClass" time="3.957"/>
  <testcase classname="com.subex.rocps.automation.testcases.systemtesting.TestCase11" name="createTariff" time="19.975"/>
  <testcase classname="com.subex.rocps.automation.testcases.systemtesting.TestCase11" name="createOperator" time="3.175"/>
  <testcase classname="com.subex.rocps.automation.testcases.systemtesting.TestCase11" name="createEventMatchRule" time="4.347"/>
  <testcase classname="com.subex.rocps.automation.testcases.systemtesting.TestCase11" name="createBand" time="24.832"/>
  <testcase classname="com.subex.rocps.automation.testcases.systemtesting.TestCase11" name="createSwitch" time="3.297"/>
  <testcase classname="com.subex.rocps.automation.testcases.systemtesting.TestCase11" name="createEventMatchRuleGroup" time="3.373"/>
  <testcase classname="com.subex.rocps.automation.testcases.systemtesting.TestCase11" name="createRoute" time="6.696"/>
</testsuite> <!-- com.subex.rocps.automation.testcases.systemtesting.TestCase11 -->
