<?xml version="1.0" encoding="UTF-8"?>
<!-- Generated by org.testng.reporters.JUnitReportReporter -->
<testsuite hostname="1923L11" failures="0" tests="1" name="com.subex.rocps.automation.testcases.systemtesting.TestCase02" time="33.581" errors="0" timestamp="17 Nov 2025 17:20:02 GMT">
  <testcase classname="com.subex.rocps.automation.testcases.systemtesting.TestCase02" name="verifyAggregationResult" time="33.581"/>
</testsuite> <!-- com.subex.rocps.automation.testcases.systemtesting.TestCase02 -->
