<?xml version="1.0" encoding="UTF-8"?>
<!-- Generated by org.testng.reporters.JUnitReportReporter -->
<testsuite hostname="1923L11" failures="0" tests="11" name="com.subex.rocps.automation.testcases.systemtesting.TCVoiceStream" time="112.457" errors="0" timestamp="12 Nov 2025 07:44:49 GMT">
  <testcase classname="com.subex.rocps.automation.testcases.systemtesting.TCVoiceStream" name="editEventModellingDefn" time="16.624"/>
  <testcase classname="com.subex.rocps.automation.testcases.systemtesting.TCVoiceStream" name="createRecurringTask" time="4.417"/>
  <testcase classname="com.subex.rocps.automation.testcases.systemtesting.TCVoiceStream" name="editEventModellingInst" time="8.272"/>
  <testcase classname="com.subex.rocps.automation.testcases.systemtesting.TCVoiceStream" name="createEventNormalization" time="18.571"/>
  <testcase classname="com.subex.rocps.automation.testcases.systemtesting.TCVoiceStream" name="fileCollection" time="17.158"/>
  <testcase classname="com.subex.rocps.automation.testcases.systemtesting.TCVoiceStream" name="createAggregationConfig" time="5.759"/>
  <testcase classname="com.subex.rocps.automation.testcases.systemtesting.TCVoiceStream" name="createAggregationProcessor" time="3.772"/>
  <testcase classname="com.subex.rocps.automation.testcases.systemtesting.TCVoiceStream" name="createTrigger" time="7.159"/>
  <testcase classname="com.subex.rocps.automation.testcases.systemtesting.TCVoiceStream" name="editEventtype" time="9.468"/>
  <testcase classname="com.subex.rocps.automation.testcases.systemtesting.TCVoiceStream" name="createAggreagtionCompMapping" time="17.153"/>
  <testcase classname="com.subex.rocps.automation.testcases.systemtesting.TCVoiceStream" name="fileSource" time="4.104"/>
</testsuite> <!-- com.subex.rocps.automation.testcases.systemtesting.TCVoiceStream -->
