<?xml version="1.0" encoding="UTF-8"?>
<!-- Generated by org.testng.reporters.JUnitReportReporter -->
<testsuite hostname="1923L11" failures="1" tests="1" name="com.subex.rocps.automation.testcases.systemtesting.TestCase19" time="58.142" errors="0" timestamp="26 Nov 2025 10:56:47 GMT">
  <testcase classname="com.subex.rocps.automation.testcases.systemtesting.TestCase19" name="reVersionBill" time="58.142">
    <failure message="Values are not matching  expected [2;125.2800;USD;Accepted;01/01/2025;01/31/2025] but found [3;0.0000;USD;Accepted;01/01/2025;01/31/2025]" type="java.lang.AssertionError">
      <![CDATA[java.lang.AssertionError: Values are not matching  expected [2;125.2800;USD;Accepted;01/01/2025;01/31/2025] but found [3;0.0000;USD;Accepted;01/01/2025;01/31/2025]
	at org.testng.Assert.fail(Assert.java:94)
	at org.testng.Assert.failNotEquals(Assert.java:513)
	at org.testng.Assert.assertEqualsImpl(Assert.java:135)
	at org.testng.Assert.assertEquals(Assert.java:116)
	at org.testng.Assert.assertEquals(Assert.java:190)
	at com.subex.rocps.automation.helpers.application.genericHelpers.DataVerificationHelper.validateRowData(DataVerificationHelper.java:207)
	at com.subex.rocps.automation.helpers.application.genericHelpers.DataVerificationHelper.validateData(DataVerificationHelper.java:48)
	at com.subex.rocps.automation.helpers.application.bills.Bills.hotBill(Bills.java:232)
	at com.subex.rocps.automation.helpers.application.bills.Bills.billGeneration(Bills.java:189)
	at com.subex.rocps.automation.helpers.application.bills.Bills.billAction(Bills.java:131)
	at com.subex.rocps.automation.testcases.systemtesting.TestCase19.reVersionBill(TestCase19.java:209)
	at java.base/jdk.internal.reflect.DirectMethodHandleAccessor.invoke(DirectMethodHandleAccessor.java:104)
	at java.base/java.lang.reflect.Method.invoke(Method.java:578)
	at org.testng.internal.MethodInvocationHelper.invokeMethod(MethodInvocationHelper.java:86)
	at org.testng.internal.Invoker.invokeMethod(Invoker.java:643)
	at org.testng.internal.Invoker.invokeTestMethod(Invoker.java:820)
	at org.testng.internal.Invoker.invokeTestMethods(Invoker.java:1128)
	at org.testng.internal.TestMethodWorker.invokeTestMethods(TestMethodWorker.java:129)
	at org.testng.internal.TestMethodWorker.run(TestMethodWorker.java:112)
	at org.testng.TestRunner.privateRun(TestRunner.java:782)
	at org.testng.TestRunner.run(TestRunner.java:632)
	at org.testng.SuiteRunner.runTest(SuiteRunner.java:366)
	at org.testng.SuiteRunner.runSequentially(SuiteRunner.java:361)
	at org.testng.SuiteRunner.privateRun(SuiteRunner.java:319)
	at org.testng.SuiteRunner.run(SuiteRunner.java:268)
	at org.testng.SuiteRunnerWorker.runSuite(SuiteRunnerWorker.java:52)
	at org.testng.SuiteRunnerWorker.run(SuiteRunnerWorker.java:86)
	at org.testng.TestNG.runSuitesSequentially(TestNG.java:1244)
	at org.testng.TestNG.runSuitesLocally(TestNG.java:1169)
	at org.testng.TestNG.run(TestNG.java:1064)
	at org.testng.remote.AbstractRemoteTestNG.run(AbstractRemoteTestNG.java:115)
	at org.testng.remote.RemoteTestNG.initAndRun(RemoteTestNG.java:293)
	at org.testng.remote.RemoteTestNG.main(RemoteTestNG.java:91)
]]>
    </failure>
  </testcase> <!-- reVersionBill -->
</testsuite> <!-- com.subex.rocps.automation.testcases.systemtesting.TestCase19 -->
