<?xml version="1.0" encoding="UTF-8"?>
<!-- Generated by org.testng.reporters.JUnitReportReporter -->
<testsuite hostname="1923L11" failures="0" tests="15" name="com.subex.rocps.automation.testcases.systemtesting.TCConfigurations" time="219.364" errors="0" timestamp="14 Nov 2025 08:03:49 GMT">
  <testcase classname="com.subex.rocps.automation.testcases.systemtesting.TCConfigurations" name="createtariffMetricType" time="17.952"/>
  <testcase classname="com.subex.rocps.automation.testcases.systemtesting.TCConfigurations" name="createtariffRateName" time="18.408"/>
  <testcase classname="com.subex.rocps.automation.testcases.systemtesting.TCConfigurations" name="createSwitch" time="4.496"/>
  <testcase classname="com.subex.rocps.automation.testcases.systemtesting.TCConfigurations" name="createRoute" time="37.299"/>
  <testcase classname="com.subex.rocps.automation.testcases.systemtesting.TCConfigurations" name="createFranchise" time="5.063"/>
  <testcase classname="com.subex.rocps.automation.testcases.systemtesting.TCConfigurations" name="createtariffType" time="7.033"/>
  <testcase classname="com.subex.rocps.automation.testcases.systemtesting.TCConfigurations" name="createAccount" time="38.164"/>
  <testcase classname="com.subex.rocps.automation.testcases.systemtesting.TCConfigurations" name="createServiceTariffType" time="5.296"/>
  <testcase classname="com.subex.rocps.automation.testcases.systemtesting.TCConfigurations" name="createEventIdentifierDefn" time="4.893"/>
  <testcase classname="com.subex.rocps.automation.testcases.systemtesting.TCConfigurations" name="createOperator" time="15.280"/>
  <testcase classname="com.subex.rocps.automation.testcases.systemtesting.TCConfigurations" name="createBank" time="4.750"/>
  <testcase classname="com.subex.rocps.automation.testcases.systemtesting.TCConfigurations" name="createsignallingtype" time="7.383"/>
  <testcase classname="com.subex.rocps.automation.testcases.systemtesting.TCConfigurations" name="createAgent" time="4.233"/>
  <testcase classname="com.subex.rocps.automation.testcases.systemtesting.TCConfigurations" name="createrouteGroup" time="9.724"/>
  <testcase classname="com.subex.rocps.automation.testcases.systemtesting.TCConfigurations" name="taskControllerCapabilities" time="39.390"/>
</testsuite> <!-- com.subex.rocps.automation.testcases.systemtesting.TCConfigurations -->
