<?xml version="1.0" encoding="UTF-8"?>
<!-- Generated by org.testng.reporters.JUnitReportReporter -->
<testsuite hostname="1923L11" failures="3" tests="34" name="com.subex.rocps.automation.testcases.systemtesting.TestCase03" time="548.733" errors="3" timestamp="17 Nov 2025 17:38:57 GMT">
  <testcase classname="com.subex.rocps.automation.testcases.systemtesting.TestCase03" name="createOperator" time="12.641"/>
  <testcase classname="com.subex.rocps.automation.testcases.systemtesting.TestCase03" name="createEventMatchRule" time="1.668">
    <failure message="Text box &#039;//table[@id=&#039;-searchBox1&#039;]//input[@type=&#039;text&#039;]&#039; is not found." type="java.lang.AssertionError">
      <![CDATA[java.lang.AssertionError: Text box '//table[@id='-searchBox1']//input[@type='text']' is not found.
	at org.testng.Assert.fail(Assert.java:94)
	at com.subex.automation.helpers.util.FailureHelper.failTest(FailureHelper.java:39)
	at com.subex.automation.helpers.component.TextBoxHelper.type(TextBoxHelper.java:101)
	at com.subex.automation.helpers.application.NavigationMenuHelper.navigationMenu(NavigationMenuHelper.java:57)
	at com.subex.automation.helpers.application.NavigationHelper.navigateToScreen(NavigationHelper.java:51)
	at com.subex.rocps.automation.helpers.application.matchandrate.EventMatchRule.configureEventMatchRule(EventMatchRule.java:122)
	at com.subex.rocps.automation.testcases.systemtesting.TestCase03.createEventMatchRule(TestCase03.java:188)
	at java.base/jdk.internal.reflect.DirectMethodHandleAccessor.invoke(DirectMethodHandleAccessor.java:104)
	at java.base/java.lang.reflect.Method.invoke(Method.java:578)
	at org.testng.internal.MethodInvocationHelper.invokeMethod(MethodInvocationHelper.java:86)
	at org.testng.internal.Invoker.invokeMethod(Invoker.java:643)
	at org.testng.internal.Invoker.retryFailed(Invoker.java:967)
	at org.testng.internal.Invoker.invokeTestMethods(Invoker.java:1146)
	at org.testng.internal.TestMethodWorker.invokeTestMethods(TestMethodWorker.java:129)
	at org.testng.internal.TestMethodWorker.run(TestMethodWorker.java:112)
	at org.testng.TestRunner.privateRun(TestRunner.java:782)
	at org.testng.TestRunner.run(TestRunner.java:632)
	at org.testng.SuiteRunner.runTest(SuiteRunner.java:366)
	at org.testng.SuiteRunner.runSequentially(SuiteRunner.java:361)
	at org.testng.SuiteRunner.privateRun(SuiteRunner.java:319)
	at org.testng.SuiteRunner.run(SuiteRunner.java:268)
	at org.testng.SuiteRunnerWorker.runSuite(SuiteRunnerWorker.java:52)
	at org.testng.SuiteRunnerWorker.run(SuiteRunnerWorker.java:86)
	at org.testng.TestNG.runSuitesSequentially(TestNG.java:1244)
	at org.testng.TestNG.runSuitesLocally(TestNG.java:1169)
	at org.testng.TestNG.run(TestNG.java:1064)
	at org.testng.remote.AbstractRemoteTestNG.run(AbstractRemoteTestNG.java:115)
	at org.testng.remote.RemoteTestNG.initAndRun(RemoteTestNG.java:293)
	at org.testng.remote.RemoteTestNG.main(RemoteTestNG.java:91)
]]>
    </failure>
  </testcase> <!-- createEventMatchRule -->
  <testcase classname="com.subex.rocps.automation.testcases.systemtesting.TestCase03" name="createRouteGroup" time="9.159"/>
  <testcase classname="com.subex.rocps.automation.testcases.systemtesting.TestCase03" name="createEventMatchRuleGroup" time="17.844"/>
  <testcase classname="com.subex.rocps.automation.testcases.systemtesting.TestCase03" name="verifyAggregationResult" time="29.895"/>
  <testcase classname="com.subex.rocps.automation.testcases.systemtesting.TestCase03" name="createEventMatchRule" time="1.094">
    <failure message="Text box &#039;//table[@id=&#039;-searchBox1&#039;]//input[@type=&#039;text&#039;]&#039; is not found." type="java.lang.AssertionError">
      <![CDATA[java.lang.AssertionError: Text box '//table[@id='-searchBox1']//input[@type='text']' is not found.
	at org.testng.Assert.fail(Assert.java:94)
	at com.subex.automation.helpers.util.FailureHelper.failTest(FailureHelper.java:39)
	at com.subex.automation.helpers.component.TextBoxHelper.type(TextBoxHelper.java:101)
	at com.subex.automation.helpers.application.NavigationMenuHelper.navigationMenu(NavigationMenuHelper.java:57)
	at com.subex.automation.helpers.application.NavigationHelper.navigateToScreen(NavigationHelper.java:51)
	at com.subex.rocps.automation.helpers.application.matchandrate.EventMatchRule.configureEventMatchRule(EventMatchRule.java:122)
	at com.subex.rocps.automation.testcases.systemtesting.TestCase03.createEventMatchRule(TestCase03.java:188)
	at java.base/jdk.internal.reflect.DirectMethodHandleAccessor.invoke(DirectMethodHandleAccessor.java:104)
	at java.base/java.lang.reflect.Method.invoke(Method.java:578)
	at org.testng.internal.MethodInvocationHelper.invokeMethod(MethodInvocationHelper.java:86)
	at org.testng.internal.Invoker.invokeMethod(Invoker.java:643)
	at org.testng.internal.Invoker.retryFailed(Invoker.java:967)
	at org.testng.internal.Invoker.invokeTestMethods(Invoker.java:1146)
	at org.testng.internal.TestMethodWorker.invokeTestMethods(TestMethodWorker.java:129)
	at org.testng.internal.TestMethodWorker.run(TestMethodWorker.java:112)
	at org.testng.TestRunner.privateRun(TestRunner.java:782)
	at org.testng.TestRunner.run(TestRunner.java:632)
	at org.testng.SuiteRunner.runTest(SuiteRunner.java:366)
	at org.testng.SuiteRunner.runSequentially(SuiteRunner.java:361)
	at org.testng.SuiteRunner.privateRun(SuiteRunner.java:319)
	at org.testng.SuiteRunner.run(SuiteRunner.java:268)
	at org.testng.SuiteRunnerWorker.runSuite(SuiteRunnerWorker.java:52)
	at org.testng.SuiteRunnerWorker.run(SuiteRunnerWorker.java:86)
	at org.testng.TestNG.runSuitesSequentially(TestNG.java:1244)
	at org.testng.TestNG.runSuitesLocally(TestNG.java:1169)
	at org.testng.TestNG.run(TestNG.java:1064)
	at org.testng.remote.AbstractRemoteTestNG.run(AbstractRemoteTestNG.java:115)
	at org.testng.remote.RemoteTestNG.initAndRun(RemoteTestNG.java:293)
	at org.testng.remote.RemoteTestNG.main(RemoteTestNG.java:91)
]]>
    </failure>
  </testcase> <!-- createEventMatchRule -->
  <testcase classname="com.subex.rocps.automation.testcases.systemtesting.TestCase03" name="createElement" time="29.075"/>
  <testcase classname="com.subex.rocps.automation.testcases.systemtesting.TestCase03" name="createEventIdentifierDefn" time="3.701"/>
  <testcase classname="com.subex.rocps.automation.testcases.systemtesting.TestCase03" name="createEventIdentifierDefn" time="3.965"/>
  <testcase classname="com.subex.rocps.automation.testcases.systemtesting.TestCase03" name="createAccount" time="3.176"/>
  <testcase classname="com.subex.rocps.automation.testcases.systemtesting.TestCase03" name="recurringtasks" time="0.000">
    <error message="Method TestCase03.recurringtasks()[pri:15, instance:com.subex.rocps.automation.testcases.systemtesting.TestCase03@2fd953a6] depends on not successfully finished methods" type="java.lang.Throwable">
      <![CDATA[java.lang.Throwable: Method TestCase03.recurringtasks()[pri:15, instance:com.subex.rocps.automation.testcases.systemtesting.TestCase03@2fd953a6] depends on not successfully finished methods
	at org.testng.internal.Invoker.invokeTestMethods(Invoker.java:1037)
	at org.testng.internal.TestMethodWorker.invokeTestMethods(TestMethodWorker.java:129)
	at org.testng.internal.TestMethodWorker.run(TestMethodWorker.java:112)
	at org.testng.TestRunner.privateRun(TestRunner.java:782)
	at org.testng.TestRunner.run(TestRunner.java:632)
	at org.testng.SuiteRunner.runTest(SuiteRunner.java:366)
	at org.testng.SuiteRunner.runSequentially(SuiteRunner.java:361)
	at org.testng.SuiteRunner.privateRun(SuiteRunner.java:319)
	at org.testng.SuiteRunner.run(SuiteRunner.java:268)
	at org.testng.SuiteRunnerWorker.runSuite(SuiteRunnerWorker.java:52)
	at org.testng.SuiteRunnerWorker.run(SuiteRunnerWorker.java:86)
	at org.testng.TestNG.runSuitesSequentially(TestNG.java:1244)
	at org.testng.TestNG.runSuitesLocally(TestNG.java:1169)
	at org.testng.TestNG.run(TestNG.java:1064)
	at org.testng.remote.AbstractRemoteTestNG.run(AbstractRemoteTestNG.java:115)
	at org.testng.remote.RemoteTestNG.initAndRun(RemoteTestNG.java:293)
	at org.testng.remote.RemoteTestNG.main(RemoteTestNG.java:91)
]]>
    </error>
  </testcase> <!-- recurringtasks -->
  <testcase classname="com.subex.rocps.automation.testcases.systemtesting.TestCase03" name="createRouteGroup" time="3.413"/>
  <testcase classname="com.subex.rocps.automation.testcases.systemtesting.TestCase03" name="createTariff" time="19.247"/>
  <testcase classname="com.subex.rocps.automation.testcases.systemtesting.TestCase03" name="createRoute" time="4.302"/>
  <testcase classname="com.subex.rocps.automation.testcases.systemtesting.TestCase03" name="verifyAggregationResult" time="0.000">
    <error message="Method TestCase03.verifyAggregationResult()[pri:16, instance:com.subex.rocps.automation.testcases.systemtesting.TestCase03@2fd953a6] depends on not successfully finished methods" type="java.lang.Throwable">
      <![CDATA[java.lang.Throwable: Method TestCase03.verifyAggregationResult()[pri:16, instance:com.subex.rocps.automation.testcases.systemtesting.TestCase03@2fd953a6] depends on not successfully finished methods
	at org.testng.internal.Invoker.invokeTestMethods(Invoker.java:1037)
	at org.testng.internal.TestMethodWorker.invokeTestMethods(TestMethodWorker.java:129)
	at org.testng.internal.TestMethodWorker.run(TestMethodWorker.java:112)
	at org.testng.TestRunner.privateRun(TestRunner.java:782)
	at org.testng.TestRunner.run(TestRunner.java:632)
	at org.testng.SuiteRunner.runTest(SuiteRunner.java:366)
	at org.testng.SuiteRunner.runSequentially(SuiteRunner.java:361)
	at org.testng.SuiteRunner.privateRun(SuiteRunner.java:319)
	at org.testng.SuiteRunner.run(SuiteRunner.java:268)
	at org.testng.SuiteRunnerWorker.runSuite(SuiteRunnerWorker.java:52)
	at org.testng.SuiteRunnerWorker.run(SuiteRunnerWorker.java:86)
	at org.testng.TestNG.runSuitesSequentially(TestNG.java:1244)
	at org.testng.TestNG.runSuitesLocally(TestNG.java:1169)
	at org.testng.TestNG.run(TestNG.java:1064)
	at org.testng.remote.AbstractRemoteTestNG.run(AbstractRemoteTestNG.java:115)
	at org.testng.remote.RemoteTestNG.initAndRun(RemoteTestNG.java:293)
	at org.testng.remote.RemoteTestNG.main(RemoteTestNG.java:91)
]]>
    </error>
  </testcase> <!-- verifyAggregationResult -->
  <testcase classname="com.subex.rocps.automation.testcases.systemtesting.TestCase03" name="createAccount" time="30.564"/>
  <testcase classname="com.subex.rocps.automation.testcases.systemtesting.TestCase03" name="createTariffClass" time="3.732"/>
  <testcase classname="com.subex.rocps.automation.testcases.systemtesting.TestCase03" name="createTariffClass" time="3.540"/>
  <testcase classname="com.subex.rocps.automation.testcases.systemtesting.TestCase03" name="createBand" time="21.554"/>
  <testcase classname="com.subex.rocps.automation.testcases.systemtesting.TestCase03" name="createSwitch" time="3.079"/>
  <testcase classname="com.subex.rocps.automation.testcases.systemtesting.TestCase03" name="scheduleFileCollection" time="46.259"/>
  <testcase classname="com.subex.rocps.automation.testcases.systemtesting.TestCase03" name="createEventMatchRule" time="15.292">
    <failure message="leg codes are not matching in service expected [Outgoing] but found [null]" type="java.lang.AssertionError">
      <![CDATA[java.lang.AssertionError: leg codes are not matching in service expected [Outgoing] but found [null]
	at org.testng.Assert.fail(Assert.java:94)
	at org.testng.Assert.failNotEquals(Assert.java:513)
	at org.testng.Assert.assertEqualsImpl(Assert.java:130)
	at org.testng.Assert.assertEquals(Assert.java:116)
	at org.testng.Assert.assertEquals(Assert.java:190)
	at com.subex.rocps.automation.helpers.application.matchandrate.EventMatchRuleServiceDetails.basicDetails(EventMatchRuleServiceDetails.java:273)
	at com.subex.rocps.automation.helpers.application.matchandrate.EventMatchRuleService.matchRuleServiceConfig(EventMatchRuleService.java:84)
	at com.subex.rocps.automation.helpers.application.matchandrate.EventMatchRuleService.addServices(EventMatchRuleService.java:57)
	at com.subex.rocps.automation.helpers.application.matchandrate.Emr.EMRStrategyPattern.addServiceConfiguration(EMRStrategyPattern.java:25)
	at com.subex.rocps.automation.helpers.application.matchandrate.EventMatchRule.addingServices(EventMatchRule.java:192)
	at com.subex.rocps.automation.helpers.application.matchandrate.EventMatchRule.matchRuleDetailConfig(EventMatchRule.java:168)
	at com.subex.rocps.automation.helpers.application.matchandrate.EventMatchRule.configureEventMatchRule(EventMatchRule.java:131)
	at com.subex.rocps.automation.testcases.systemtesting.TestCase03.createEventMatchRule(TestCase03.java:188)
	at java.base/jdk.internal.reflect.DirectMethodHandleAccessor.invoke(DirectMethodHandleAccessor.java:104)
	at java.base/java.lang.reflect.Method.invoke(Method.java:578)
	at org.testng.internal.MethodInvocationHelper.invokeMethod(MethodInvocationHelper.java:86)
	at org.testng.internal.Invoker.invokeMethod(Invoker.java:643)
	at org.testng.internal.Invoker.invokeTestMethod(Invoker.java:820)
	at org.testng.internal.Invoker.invokeTestMethods(Invoker.java:1128)
	at org.testng.internal.TestMethodWorker.invokeTestMethods(TestMethodWorker.java:129)
	at org.testng.internal.TestMethodWorker.run(TestMethodWorker.java:112)
	at org.testng.TestRunner.privateRun(TestRunner.java:782)
	at org.testng.TestRunner.run(TestRunner.java:632)
	at org.testng.SuiteRunner.runTest(SuiteRunner.java:366)
	at org.testng.SuiteRunner.runSequentially(SuiteRunner.java:361)
	at org.testng.SuiteRunner.privateRun(SuiteRunner.java:319)
	at org.testng.SuiteRunner.run(SuiteRunner.java:268)
	at org.testng.SuiteRunnerWorker.runSuite(SuiteRunnerWorker.java:52)
	at org.testng.SuiteRunnerWorker.run(SuiteRunnerWorker.java:86)
	at org.testng.TestNG.runSuitesSequentially(TestNG.java:1244)
	at org.testng.TestNG.runSuitesLocally(TestNG.java:1169)
	at org.testng.TestNG.run(TestNG.java:1064)
	at org.testng.remote.AbstractRemoteTestNG.run(AbstractRemoteTestNG.java:115)
	at org.testng.remote.RemoteTestNG.initAndRun(RemoteTestNG.java:293)
	at org.testng.remote.RemoteTestNG.main(RemoteTestNG.java:91)
]]>
    </failure>
  </testcase> <!-- createEventMatchRule -->
  <testcase classname="com.subex.rocps.automation.testcases.systemtesting.TestCase03" name="createEventMatchRuleGroup" time="3.507"/>
  <testcase classname="com.subex.rocps.automation.testcases.systemtesting.TestCase03" name="createTariff" time="20.790"/>
  <testcase classname="com.subex.rocps.automation.testcases.systemtesting.TestCase03" name="scheduleFileCollection" time="0.000">
    <error message="Method TestCase03.scheduleFileCollection()[pri:14, instance:com.subex.rocps.automation.testcases.systemtesting.TestCase03@2fd953a6] depends on not successfully finished methods" type="java.lang.Throwable">
      <![CDATA[java.lang.Throwable: Method TestCase03.scheduleFileCollection()[pri:14, instance:com.subex.rocps.automation.testcases.systemtesting.TestCase03@2fd953a6] depends on not successfully finished methods
	at org.testng.internal.Invoker.invokeTestMethods(Invoker.java:1037)
	at org.testng.internal.TestMethodWorker.invokeTestMethods(TestMethodWorker.java:129)
	at org.testng.internal.TestMethodWorker.run(TestMethodWorker.java:112)
	at org.testng.TestRunner.privateRun(TestRunner.java:782)
	at org.testng.TestRunner.run(TestRunner.java:632)
	at org.testng.SuiteRunner.runTest(SuiteRunner.java:366)
	at org.testng.SuiteRunner.runSequentially(SuiteRunner.java:361)
	at org.testng.SuiteRunner.privateRun(SuiteRunner.java:319)
	at org.testng.SuiteRunner.run(SuiteRunner.java:268)
	at org.testng.SuiteRunnerWorker.runSuite(SuiteRunnerWorker.java:52)
	at org.testng.SuiteRunnerWorker.run(SuiteRunnerWorker.java:86)
	at org.testng.TestNG.runSuitesSequentially(TestNG.java:1244)
	at org.testng.TestNG.runSuitesLocally(TestNG.java:1169)
	at org.testng.TestNG.run(TestNG.java:1064)
	at org.testng.remote.AbstractRemoteTestNG.run(AbstractRemoteTestNG.java:115)
	at org.testng.remote.RemoteTestNG.initAndRun(RemoteTestNG.java:293)
	at org.testng.remote.RemoteTestNG.main(RemoteTestNG.java:91)
]]>
    </error>
  </testcase> <!-- scheduleFileCollection -->
  <testcase classname="com.subex.rocps.automation.testcases.systemtesting.TestCase03" name="createSwitch" time="3.882"/>
  <testcase classname="com.subex.rocps.automation.testcases.systemtesting.TestCase03" name="createEventMatchRule" time="39.970"/>
  <testcase classname="com.subex.rocps.automation.testcases.systemtesting.TestCase03" name="createBand" time="23.997"/>
  <testcase classname="com.subex.rocps.automation.testcases.systemtesting.TestCase03" name="createBillProfile" time="47.990"/>
  <testcase classname="com.subex.rocps.automation.testcases.systemtesting.TestCase03" name="createOperator" time="3.265"/>
  <testcase classname="com.subex.rocps.automation.testcases.systemtesting.TestCase03" name="createElement" time="25.364"/>
  <testcase classname="com.subex.rocps.automation.testcases.systemtesting.TestCase03" name="createRoute" time="69.441"/>
  <testcase classname="com.subex.rocps.automation.testcases.systemtesting.TestCase03" name="createBillProfile" time="4.952"/>
  <testcase classname="com.subex.rocps.automation.testcases.systemtesting.TestCase03" name="recurringtasks" time="42.375"/>
</testsuite> <!-- com.subex.rocps.automation.testcases.systemtesting.TestCase03 -->
