<?xml version="1.0" encoding="UTF-8"?>
<!-- Generated by org.testng.reporters.JUnitReportReporter -->
<testsuite hostname="1923L11" failures="1" tests="16" name="com.subex.rocps.automation.testcases.systemtesting.TestCase15" time="177.887" errors="1" timestamp="21 Nov 2025 06:37:49 GMT">
  <testcase classname="com.subex.rocps.automation.testcases.systemtesting.TestCase15" name="createRoute" time="4.121"/>
  <testcase classname="com.subex.rocps.automation.testcases.systemtesting.TestCase15" name="createEventIdentifierDefn" time="3.857"/>
  <testcase classname="com.subex.rocps.automation.testcases.systemtesting.TestCase15" name="createSwitch" time="3.653"/>
  <testcase classname="com.subex.rocps.automation.testcases.systemtesting.TestCase15" name="createAccount" time="4.069"/>
  <testcase classname="com.subex.rocps.automation.testcases.systemtesting.TestCase15" name="createRouteGroup" time="3.500"/>
  <testcase classname="com.subex.rocps.automation.testcases.systemtesting.TestCase15" name="verifyAggregationResult" time="31.993"/>
  <testcase classname="com.subex.rocps.automation.testcases.systemtesting.TestCase15" name="createTariffClass" time="4.334"/>
  <testcase classname="com.subex.rocps.automation.testcases.systemtesting.TestCase15" name="createOperator" time="3.742"/>
  <testcase classname="com.subex.rocps.automation.testcases.systemtesting.TestCase15" name="createElement" time="35.464"/>
  <testcase classname="com.subex.rocps.automation.testcases.systemtesting.TestCase15" name="createtestBill" time="17.375">
    <failure message="Expected value &#039;01/01/25 - 31/01/25&#039; not found in Combo box" type="java.lang.AssertionError">
      <![CDATA[java.lang.AssertionError: Expected value '01/01/25 - 31/01/25' not found in Combo box
	at org.testng.Assert.fail(Assert.java:94)
	at com.subex.automation.helpers.util.FailureHelper.failTest(FailureHelper.java:39)
	at com.subex.automation.helpers.component.ComboBoxHelper.select(ComboBoxHelper.java:124)
	at com.subex.rocps.automation.helpers.application.bills.billrequest.BillRequestDetailImpl.billRequestDetails(BillRequestDetailImpl.java:50)
	at com.subex.rocps.automation.helpers.application.bills.hotbill.BillActionImpl.newBillRequest(BillActionImpl.java:61)
	at com.subex.rocps.automation.helpers.application.bills.TestBill.newTestBill(TestBill.java:135)
	at com.subex.rocps.automation.helpers.application.bills.TestBill.testBillCreation(TestBill.java:122)
	at com.subex.rocps.automation.testcases.systemtesting.TestCase15.createtestBill(TestCase15.java:234)
	at java.base/jdk.internal.reflect.DirectMethodHandleAccessor.invoke(DirectMethodHandleAccessor.java:104)
	at java.base/java.lang.reflect.Method.invoke(Method.java:578)
	at org.testng.internal.MethodInvocationHelper.invokeMethod(MethodInvocationHelper.java:86)
	at org.testng.internal.Invoker.invokeMethod(Invoker.java:643)
	at org.testng.internal.Invoker.invokeTestMethod(Invoker.java:820)
	at org.testng.internal.Invoker.invokeTestMethods(Invoker.java:1128)
	at org.testng.internal.TestMethodWorker.invokeTestMethods(TestMethodWorker.java:129)
	at org.testng.internal.TestMethodWorker.run(TestMethodWorker.java:112)
	at org.testng.TestRunner.privateRun(TestRunner.java:782)
	at org.testng.TestRunner.run(TestRunner.java:632)
	at org.testng.SuiteRunner.runTest(SuiteRunner.java:366)
	at org.testng.SuiteRunner.runSequentially(SuiteRunner.java:361)
	at org.testng.SuiteRunner.privateRun(SuiteRunner.java:319)
	at org.testng.SuiteRunner.run(SuiteRunner.java:268)
	at org.testng.SuiteRunnerWorker.runSuite(SuiteRunnerWorker.java:52)
	at org.testng.SuiteRunnerWorker.run(SuiteRunnerWorker.java:86)
	at org.testng.TestNG.runSuitesSequentially(TestNG.java:1244)
	at org.testng.TestNG.runSuitesLocally(TestNG.java:1169)
	at org.testng.TestNG.run(TestNG.java:1064)
	at org.testng.remote.AbstractRemoteTestNG.run(AbstractRemoteTestNG.java:115)
	at org.testng.remote.RemoteTestNG.initAndRun(RemoteTestNG.java:293)
	at org.testng.remote.RemoteTestNG.main(RemoteTestNG.java:91)
]]>
    </failure>
  </testcase> <!-- createtestBill -->
  <testcase classname="com.subex.rocps.automation.testcases.systemtesting.TestCase15" name="createBillProfile" time="6.813"/>
  <testcase classname="com.subex.rocps.automation.testcases.systemtesting.TestCase15" name="createhotBill" time="0.000">
    <error message="Method TestCase15.createhotBill()[pri:18, instance:com.subex.rocps.automation.testcases.systemtesting.TestCase15@63fbfaeb] depends on not successfully finished methods" type="java.lang.Throwable">
      <![CDATA[java.lang.Throwable: Method TestCase15.createhotBill()[pri:18, instance:com.subex.rocps.automation.testcases.systemtesting.TestCase15@63fbfaeb] depends on not successfully finished methods
	at org.testng.internal.Invoker.invokeTestMethods(Invoker.java:1037)
	at org.testng.internal.TestMethodWorker.invokeTestMethods(TestMethodWorker.java:129)
	at org.testng.internal.TestMethodWorker.run(TestMethodWorker.java:112)
	at org.testng.TestRunner.privateRun(TestRunner.java:782)
	at org.testng.TestRunner.run(TestRunner.java:632)
	at org.testng.SuiteRunner.runTest(SuiteRunner.java:366)
	at org.testng.SuiteRunner.runSequentially(SuiteRunner.java:361)
	at org.testng.SuiteRunner.privateRun(SuiteRunner.java:319)
	at org.testng.SuiteRunner.run(SuiteRunner.java:268)
	at org.testng.SuiteRunnerWorker.runSuite(SuiteRunnerWorker.java:52)
	at org.testng.SuiteRunnerWorker.run(SuiteRunnerWorker.java:86)
	at org.testng.TestNG.runSuitesSequentially(TestNG.java:1244)
	at org.testng.TestNG.runSuitesLocally(TestNG.java:1169)
	at org.testng.TestNG.run(TestNG.java:1064)
	at org.testng.remote.AbstractRemoteTestNG.run(AbstractRemoteTestNG.java:115)
	at org.testng.remote.RemoteTestNG.initAndRun(RemoteTestNG.java:293)
	at org.testng.remote.RemoteTestNG.main(RemoteTestNG.java:91)
]]>
    </error>
  </testcase> <!-- createhotBill -->
  <testcase classname="com.subex.rocps.automation.testcases.systemtesting.TestCase15" name="createEventMatchRule" time="3.570"/>
  <testcase classname="com.subex.rocps.automation.testcases.systemtesting.TestCase15" name="createBand" time="26.611"/>
  <testcase classname="com.subex.rocps.automation.testcases.systemtesting.TestCase15" name="createTariff" time="25.049"/>
  <testcase classname="com.subex.rocps.automation.testcases.systemtesting.TestCase15" name="createEventMatchRuleGroup" time="3.736"/>
</testsuite> <!-- com.subex.rocps.automation.testcases.systemtesting.TestCase15 -->
