<?xml version="1.0" encoding="UTF-8"?>
<!-- Generated by org.testng.reporters.JUnitReportReporter -->
<testsuite hostname="1923L11" failures="3" tests="3" name="com.subex.rocps.automation.testcases.systemtesting.TestCase10" time="102.939" errors="0" timestamp="18 Nov 2025 08:21:02 GMT">
  <testcase classname="com.subex.rocps.automation.testcases.systemtesting.TestCase10" name="verifyAggregationResult" time="31.185">
    <failure message=" Row Value:-02/01/2025 00:00:00;Test10-TariffOut;Bahamas;Test010-OutService;15;15;US Dollar;1.0000;15.0000;0.0000 is not found on grid expected [true] but found [false]" type="java.lang.AssertionError">
      <![CDATA[java.lang.AssertionError:  Row Value:-02/01/2025 00:00:00;Test10-TariffOut;Bahamas;Test010-OutService;15;15;US Dollar;1.0000;15.0000;0.0000 is not found on grid expected [true] but found [false]
	at org.testng.Assert.fail(Assert.java:94)
	at org.testng.Assert.failNotEquals(Assert.java:513)
	at org.testng.Assert.assertTrue(Assert.java:42)
	at com.subex.rocps.automation.helpers.application.genericHelpers.DataVerificationHelper.validateDataWithoutSorting(DataVerificationHelper.java:262)
	at com.subex.rocps.automation.helpers.application.aggregation.AggregationResult.validateResults(AggregationResult.java:182)
	at com.subex.rocps.automation.helpers.application.aggregation.AggregationResult.viewAggregationResult(AggregationResult.java:110)
	at com.subex.rocps.automation.testcases.systemtesting.TestCase10.verifyAggregationResult(TestCase10.java:167)
	at java.base/jdk.internal.reflect.DirectMethodHandleAccessor.invoke(DirectMethodHandleAccessor.java:104)
	at java.base/java.lang.reflect.Method.invoke(Method.java:578)
	at org.testng.internal.MethodInvocationHelper.invokeMethod(MethodInvocationHelper.java:86)
	at org.testng.internal.Invoker.invokeMethod(Invoker.java:643)
	at org.testng.internal.Invoker.retryFailed(Invoker.java:967)
	at org.testng.internal.Invoker.invokeTestMethods(Invoker.java:1146)
	at org.testng.internal.TestMethodWorker.invokeTestMethods(TestMethodWorker.java:129)
	at org.testng.internal.TestMethodWorker.run(TestMethodWorker.java:112)
	at org.testng.TestRunner.privateRun(TestRunner.java:782)
	at org.testng.TestRunner.run(TestRunner.java:632)
	at org.testng.SuiteRunner.runTest(SuiteRunner.java:366)
	at org.testng.SuiteRunner.runSequentially(SuiteRunner.java:361)
	at org.testng.SuiteRunner.privateRun(SuiteRunner.java:319)
	at org.testng.SuiteRunner.run(SuiteRunner.java:268)
	at org.testng.SuiteRunnerWorker.runSuite(SuiteRunnerWorker.java:52)
	at org.testng.SuiteRunnerWorker.run(SuiteRunnerWorker.java:86)
	at org.testng.TestNG.runSuitesSequentially(TestNG.java:1244)
	at org.testng.TestNG.runSuitesLocally(TestNG.java:1169)
	at org.testng.TestNG.run(TestNG.java:1064)
	at org.testng.remote.AbstractRemoteTestNG.run(AbstractRemoteTestNG.java:115)
	at org.testng.remote.RemoteTestNG.initAndRun(RemoteTestNG.java:293)
	at org.testng.remote.RemoteTestNG.main(RemoteTestNG.java:91)
]]>
    </failure>
  </testcase> <!-- verifyAggregationResult -->
  <testcase classname="com.subex.rocps.automation.testcases.systemtesting.TestCase10" name="verifyAggregationResult" time="41.960">
    <failure message=" Row Value:-02/01/2025 00:00:00;Test10-TariffOut;Bahamas;Test010-OutService;15;15;US Dollar;1.0000;15.0000;0.0000 is not found on grid expected [true] but found [false]" type="java.lang.AssertionError">
      <![CDATA[java.lang.AssertionError:  Row Value:-02/01/2025 00:00:00;Test10-TariffOut;Bahamas;Test010-OutService;15;15;US Dollar;1.0000;15.0000;0.0000 is not found on grid expected [true] but found [false]
	at org.testng.Assert.fail(Assert.java:94)
	at org.testng.Assert.failNotEquals(Assert.java:513)
	at org.testng.Assert.assertTrue(Assert.java:42)
	at com.subex.rocps.automation.helpers.application.genericHelpers.DataVerificationHelper.validateDataWithoutSorting(DataVerificationHelper.java:262)
	at com.subex.rocps.automation.helpers.application.aggregation.AggregationResult.validateResults(AggregationResult.java:182)
	at com.subex.rocps.automation.helpers.application.aggregation.AggregationResult.viewAggregationResult(AggregationResult.java:110)
	at com.subex.rocps.automation.testcases.systemtesting.TestCase10.verifyAggregationResult(TestCase10.java:167)
	at java.base/jdk.internal.reflect.DirectMethodHandleAccessor.invoke(DirectMethodHandleAccessor.java:104)
	at java.base/java.lang.reflect.Method.invoke(Method.java:578)
	at org.testng.internal.MethodInvocationHelper.invokeMethod(MethodInvocationHelper.java:86)
	at org.testng.internal.Invoker.invokeMethod(Invoker.java:643)
	at org.testng.internal.Invoker.invokeTestMethod(Invoker.java:820)
	at org.testng.internal.Invoker.invokeTestMethods(Invoker.java:1128)
	at org.testng.internal.TestMethodWorker.invokeTestMethods(TestMethodWorker.java:129)
	at org.testng.internal.TestMethodWorker.run(TestMethodWorker.java:112)
	at org.testng.TestRunner.privateRun(TestRunner.java:782)
	at org.testng.TestRunner.run(TestRunner.java:632)
	at org.testng.SuiteRunner.runTest(SuiteRunner.java:366)
	at org.testng.SuiteRunner.runSequentially(SuiteRunner.java:361)
	at org.testng.SuiteRunner.privateRun(SuiteRunner.java:319)
	at org.testng.SuiteRunner.run(SuiteRunner.java:268)
	at org.testng.SuiteRunnerWorker.runSuite(SuiteRunnerWorker.java:52)
	at org.testng.SuiteRunnerWorker.run(SuiteRunnerWorker.java:86)
	at org.testng.TestNG.runSuitesSequentially(TestNG.java:1244)
	at org.testng.TestNG.runSuitesLocally(TestNG.java:1169)
	at org.testng.TestNG.run(TestNG.java:1064)
	at org.testng.remote.AbstractRemoteTestNG.run(AbstractRemoteTestNG.java:115)
	at org.testng.remote.RemoteTestNG.initAndRun(RemoteTestNG.java:293)
	at org.testng.remote.RemoteTestNG.main(RemoteTestNG.java:91)
]]>
    </failure>
  </testcase> <!-- verifyAggregationResult -->
  <testcase classname="com.subex.rocps.automation.testcases.systemtesting.TestCase10" name="verifyAggregationResult" time="29.794">
    <failure message=" Row Value:-02/01/2025 00:00:00;Test10-TariffOut;Bahamas;Test010-OutService;15;15;US Dollar;1.0000;15.0000;0.0000 is not found on grid expected [true] but found [false]" type="java.lang.AssertionError">
      <![CDATA[java.lang.AssertionError:  Row Value:-02/01/2025 00:00:00;Test10-TariffOut;Bahamas;Test010-OutService;15;15;US Dollar;1.0000;15.0000;0.0000 is not found on grid expected [true] but found [false]
	at org.testng.Assert.fail(Assert.java:94)
	at org.testng.Assert.failNotEquals(Assert.java:513)
	at org.testng.Assert.assertTrue(Assert.java:42)
	at com.subex.rocps.automation.helpers.application.genericHelpers.DataVerificationHelper.validateDataWithoutSorting(DataVerificationHelper.java:262)
	at com.subex.rocps.automation.helpers.application.aggregation.AggregationResult.validateResults(AggregationResult.java:182)
	at com.subex.rocps.automation.helpers.application.aggregation.AggregationResult.viewAggregationResult(AggregationResult.java:110)
	at com.subex.rocps.automation.testcases.systemtesting.TestCase10.verifyAggregationResult(TestCase10.java:167)
	at java.base/jdk.internal.reflect.DirectMethodHandleAccessor.invoke(DirectMethodHandleAccessor.java:104)
	at java.base/java.lang.reflect.Method.invoke(Method.java:578)
	at org.testng.internal.MethodInvocationHelper.invokeMethod(MethodInvocationHelper.java:86)
	at org.testng.internal.Invoker.invokeMethod(Invoker.java:643)
	at org.testng.internal.Invoker.retryFailed(Invoker.java:967)
	at org.testng.internal.Invoker.invokeTestMethods(Invoker.java:1146)
	at org.testng.internal.TestMethodWorker.invokeTestMethods(TestMethodWorker.java:129)
	at org.testng.internal.TestMethodWorker.run(TestMethodWorker.java:112)
	at org.testng.TestRunner.privateRun(TestRunner.java:782)
	at org.testng.TestRunner.run(TestRunner.java:632)
	at org.testng.SuiteRunner.runTest(SuiteRunner.java:366)
	at org.testng.SuiteRunner.runSequentially(SuiteRunner.java:361)
	at org.testng.SuiteRunner.privateRun(SuiteRunner.java:319)
	at org.testng.SuiteRunner.run(SuiteRunner.java:268)
	at org.testng.SuiteRunnerWorker.runSuite(SuiteRunnerWorker.java:52)
	at org.testng.SuiteRunnerWorker.run(SuiteRunnerWorker.java:86)
	at org.testng.TestNG.runSuitesSequentially(TestNG.java:1244)
	at org.testng.TestNG.runSuitesLocally(TestNG.java:1169)
	at org.testng.TestNG.run(TestNG.java:1064)
	at org.testng.remote.AbstractRemoteTestNG.run(AbstractRemoteTestNG.java:115)
	at org.testng.remote.RemoteTestNG.initAndRun(RemoteTestNG.java:293)
	at org.testng.remote.RemoteTestNG.main(RemoteTestNG.java:91)
]]>
    </failure>
  </testcase> <!-- verifyAggregationResult -->
</testsuite> <!-- com.subex.rocps.automation.testcases.systemtesting.TestCase10 -->
