<?xml version="1.0" encoding="UTF-8"?>
<!-- Generated by org.testng.reporters.JUnitReportReporter -->
<testsuite hostname="1923L11" failures="0" tests="17" name="com.subex.rocps.automation.testcases.systemtesting.TestCase06" time="678.741" errors="0" timestamp="18 Nov 2025 05:35:26 GMT">
  <testcase classname="com.subex.rocps.automation.testcases.systemtesting.TestCase06" name="createEventIdentifierDefn" time="25.783"/>
  <testcase classname="com.subex.rocps.automation.testcases.systemtesting.TestCase06" name="createEventMatchRuleGroup" time="20.327"/>
  <testcase classname="com.subex.rocps.automation.testcases.systemtesting.TestCase06" name="createAccount" time="4.306"/>
  <testcase classname="com.subex.rocps.automation.testcases.systemtesting.TestCase06" name="createTariffClass" time="3.534"/>
  <testcase classname="com.subex.rocps.automation.testcases.systemtesting.TestCase06" name="createRoute" time="65.205"/>
  <testcase classname="com.subex.rocps.automation.testcases.systemtesting.TestCase06" name="scheduleFileCollection" time="45.987"/>
  <testcase classname="com.subex.rocps.automation.testcases.systemtesting.TestCase06" name="createElement" time="29.057"/>
  <testcase classname="com.subex.rocps.automation.testcases.systemtesting.TestCase06" name="dialStringSet" time="34.238"/>
  <testcase classname="com.subex.rocps.automation.testcases.systemtesting.TestCase06" name="createTariff" time="118.587"/>
  <testcase classname="com.subex.rocps.automation.testcases.systemtesting.TestCase06" name="verifyAggregationResult" time="53.206"/>
  <testcase classname="com.subex.rocps.automation.testcases.systemtesting.TestCase06" name="createSwitch" time="3.148"/>
  <testcase classname="com.subex.rocps.automation.testcases.systemtesting.TestCase06" name="createRouteGroup" time="8.806"/>
  <testcase classname="com.subex.rocps.automation.testcases.systemtesting.TestCase06" name="createEventMatchRule" time="95.159"/>
  <testcase classname="com.subex.rocps.automation.testcases.systemtesting.TestCase06" name="createBand" time="23.196"/>
  <testcase classname="com.subex.rocps.automation.testcases.systemtesting.TestCase06" name="createOperator" time="12.301"/>
  <testcase classname="com.subex.rocps.automation.testcases.systemtesting.TestCase06" name="createBillProfile" time="89.808"/>
  <testcase classname="com.subex.rocps.automation.testcases.systemtesting.TestCase06" name="recurringtasks" time="46.093"/>
</testsuite> <!-- com.subex.rocps.automation.testcases.systemtesting.TestCase06 -->
