<?xml version="1.0" encoding="UTF-8"?>
<!-- Generated by org.testng.reporters.JUnitReportReporter -->
<testsuite hostname="1923L11" failures="0" tests="3" name="com.subex.rocps.automation.testcases.systemtesting.TestCase16" time="166.558" errors="0" timestamp="24 Nov 2025 11:08:57 GMT">
  <testcase classname="com.subex.rocps.automation.testcases.systemtesting.TestCase16" name="regenrateBill" time="65.792"/>
  <testcase classname="com.subex.rocps.automation.testcases.systemtesting.TestCase16" name="verifyAggregationResultFinal" time="28.373"/>
  <testcase classname="com.subex.rocps.automation.testcases.systemtesting.TestCase16" name="createTestBillAction" time="72.393"/>
</testsuite> <!-- com.subex.rocps.automation.testcases.systemtesting.TestCase16 -->
