<?xml version="1.0" encoding="UTF-8"?>
<!-- Generated by org.testng.reporters.JUnitReportReporter -->
<testsuite hostname="1923L11" failures="0" tests="17" name="com.subex.rocps.automation.testcases.systemtesting.TestCase08" time="578.662" errors="0" timestamp="18 Nov 2025 06:36:07 GMT">
  <testcase classname="com.subex.rocps.automation.testcases.systemtesting.TestCase08" name="scheduleFileCollection" time="45.957"/>
  <testcase classname="com.subex.rocps.automation.testcases.systemtesting.TestCase08" name="createElementSet" time="21.521"/>
  <testcase classname="com.subex.rocps.automation.testcases.systemtesting.TestCase08" name="createElement" time="43.589"/>
  <testcase classname="com.subex.rocps.automation.testcases.systemtesting.TestCase08" name="createBand" time="105.079"/>
  <testcase classname="com.subex.rocps.automation.testcases.systemtesting.TestCase08" name="createTariff" time="60.595"/>
  <testcase classname="com.subex.rocps.automation.testcases.systemtesting.TestCase08" name="createAccount" time="3.960"/>
  <testcase classname="com.subex.rocps.automation.testcases.systemtesting.TestCase08" name="createEventMatchRuleGroup" time="16.072"/>
  <testcase classname="com.subex.rocps.automation.testcases.systemtesting.TestCase08" name="recurringtasks" time="44.018"/>
  <testcase classname="com.subex.rocps.automation.testcases.systemtesting.TestCase08" name="createOperator" time="11.777"/>
  <testcase classname="com.subex.rocps.automation.testcases.systemtesting.TestCase08" name="createTariffClass" time="54.720"/>
  <testcase classname="com.subex.rocps.automation.testcases.systemtesting.TestCase08" name="createRouteGroup" time="8.070"/>
  <testcase classname="com.subex.rocps.automation.testcases.systemtesting.TestCase08" name="createSwitch" time="3.263"/>
  <testcase classname="com.subex.rocps.automation.testcases.systemtesting.TestCase08" name="createEventMatchRule" time="41.516"/>
  <testcase classname="com.subex.rocps.automation.testcases.systemtesting.TestCase08" name="createEventIdentifierDefn" time="4.208"/>
  <testcase classname="com.subex.rocps.automation.testcases.systemtesting.TestCase08" name="createRoute" time="34.912"/>
  <testcase classname="com.subex.rocps.automation.testcases.systemtesting.TestCase08" name="createBillProfile" time="47.524"/>
  <testcase classname="com.subex.rocps.automation.testcases.systemtesting.TestCase08" name="verifyAggregationResult" time="31.881"/>
</testsuite> <!-- com.subex.rocps.automation.testcases.systemtesting.TestCase08 -->
